1627232062.908 : cmgr.0000            : 14062 : 35184372371984 : INFO     : connect pub to heartbeat: tcp://10.134.0.42:32913
1627232062.908 : cmgr.0000            : 14062 : 35184372371984 : INFO     : connect sub to heartbeat: tcp://10.134.0.42:36295
1627232062.909 : cmgr.0000            : 14062 : 35184372371984 : DEBUG    : ~~ heartbeat: heartbeat
1627232062.909 : cmgr.0000            : 14062 : 35184372371984 : DEBUG    : start heartbeat
1627232062.909 : cmgr.0000            : 14062 : 35184372371984 : DEBUG    : wait for : ['cmgr.0000']
1627232062.959 : cmgr.0000            : 14062 : 35184372371984 : DEBUG    : wait for : []
1627232062.960 : cmgr.0000            : 14062 : 35184372371984 : DEBUG    : wait ok  : ['cmgr.0000']
1627232062.960 : cmgr.0000            : 14062 : 35184372371984 : INFO     : heartbeat system up
1627232062.960 : cmgr.0000            : 14062 : 35184372371984 : INFO     : create  bridge agent_executing_queue [agent_executing_queue]
1627232063.207 : cmgr.0000            : 14062 : 35184372371984 : DEBUG    : bridge startup out: 
1627232063.207 : cmgr.0000            : 14062 : 35184372371984 : DEBUG    : bridge startup err: 
1627232063.207 : cmgr.0000            : 14062 : 35184372371984 : INFO     : created bridge agent_executing_queue [agent_executing_queue]
1627232063.208 : cmgr.0000            : 14062 : 35184372371984 : INFO     : create  bridge agent_schedule_pubsub [agent_schedule_pubsub]
1627232063.415 : cmgr.0000            : 14062 : 35184372371984 : DEBUG    : bridge startup out: 
1627232063.416 : cmgr.0000            : 14062 : 35184372371984 : DEBUG    : bridge startup err: 
1627232063.416 : cmgr.0000            : 14062 : 35184372371984 : INFO     : created bridge agent_schedule_pubsub [agent_schedule_pubsub]
1627232063.416 : cmgr.0000            : 14062 : 35184372371984 : INFO     : create  bridge agent_scheduling_queue [agent_scheduling_queue]
1627232063.617 : cmgr.0000            : 14062 : 35184372371984 : DEBUG    : bridge startup out: 
1627232063.617 : cmgr.0000            : 14062 : 35184372371984 : DEBUG    : bridge startup err: 
1627232063.618 : cmgr.0000            : 14062 : 35184372371984 : INFO     : created bridge agent_scheduling_queue [agent_scheduling_queue]
1627232063.618 : cmgr.0000            : 14062 : 35184372371984 : INFO     : create  bridge agent_staging_input_queue [agent_staging_input_queue]
1627232063.820 : cmgr.0000            : 14062 : 35184372371984 : DEBUG    : bridge startup out: 
1627232063.820 : cmgr.0000            : 14062 : 35184372371984 : DEBUG    : bridge startup err: 
1627232063.820 : cmgr.0000            : 14062 : 35184372371984 : INFO     : created bridge agent_staging_input_queue [agent_staging_input_queue]
1627232063.821 : cmgr.0000            : 14062 : 35184372371984 : INFO     : create  bridge agent_staging_output_queue [agent_staging_output_queue]
1627232064.025 : cmgr.0000            : 14062 : 35184372371984 : DEBUG    : bridge startup out: 
1627232064.025 : cmgr.0000            : 14062 : 35184372371984 : DEBUG    : bridge startup err: 
1627232064.026 : cmgr.0000            : 14062 : 35184372371984 : INFO     : created bridge agent_staging_output_queue [agent_staging_output_queue]
1627232064.030 : cmgr.0000            : 14062 : 35184372371984 : INFO     : create  bridge agent_unschedule_pubsub [agent_unschedule_pubsub]
1627232064.237 : cmgr.0000            : 14062 : 35184372371984 : DEBUG    : bridge startup out: 
1627232064.237 : cmgr.0000            : 14062 : 35184372371984 : DEBUG    : bridge startup err: 
1627232064.237 : cmgr.0000            : 14062 : 35184372371984 : INFO     : created bridge agent_unschedule_pubsub [agent_unschedule_pubsub]
1627232064.238 : cmgr.0000            : 14062 : 35184372371984 : INFO     : create  bridge control_pubsub [control_pubsub]
1627232064.440 : cmgr.0000            : 14062 : 35184372371984 : DEBUG    : bridge startup out: 
1627232064.440 : cmgr.0000            : 14062 : 35184372371984 : DEBUG    : bridge startup err: 
1627232064.442 : cmgr.0000            : 14062 : 35184372371984 : INFO     : created bridge control_pubsub [control_pubsub]
1627232064.442 : cmgr.0000            : 14062 : 35184372371984 : INFO     : create  bridge funcs_req_queue [funcs_req_queue]
1627232064.641 : cmgr.0000            : 14062 : 35184372371984 : DEBUG    : bridge startup out: 
1627232064.641 : cmgr.0000            : 14062 : 35184372371984 : DEBUG    : bridge startup err: 
1627232064.641 : cmgr.0000            : 14062 : 35184372371984 : INFO     : created bridge funcs_req_queue [funcs_req_queue]
1627232064.642 : cmgr.0000            : 14062 : 35184372371984 : INFO     : create  bridge funcs_res_queue [funcs_res_queue]
1627232064.866 : cmgr.0000            : 14062 : 35184372371984 : DEBUG    : bridge startup out: 
1627232064.866 : cmgr.0000            : 14062 : 35184372371984 : DEBUG    : bridge startup err: 
1627232064.866 : cmgr.0000            : 14062 : 35184372371984 : INFO     : created bridge funcs_res_queue [funcs_res_queue]
1627232064.867 : cmgr.0000            : 14062 : 35184372371984 : INFO     : create  bridge state_pubsub [state_pubsub]
1627232065.088 : cmgr.0000            : 14062 : 35184372371984 : DEBUG    : bridge startup out: 
1627232065.088 : cmgr.0000            : 14062 : 35184372371984 : DEBUG    : bridge startup err: 
1627232065.088 : cmgr.0000            : 14062 : 35184372371984 : INFO     : created bridge state_pubsub [state_pubsub]
1627232065.088 : cmgr.0000            : 14062 : 35184372371984 : DEBUG    : wait for : ['agent_unschedule_pubsub', 'control_pubsub', 'funcs_req_queue', 'funcs_res_queue', 'state_pubsub']
1627232065.138 : cmgr.0000            : 14062 : 35184372371984 : DEBUG    : wait for : ['agent_unschedule_pubsub', 'control_pubsub', 'funcs_req_queue', 'funcs_res_queue', 'state_pubsub']
1627232065.188 : cmgr.0000            : 14062 : 35184372371984 : DEBUG    : wait for : ['agent_unschedule_pubsub', 'control_pubsub', 'funcs_req_queue', 'funcs_res_queue', 'state_pubsub']
1627232065.238 : cmgr.0000            : 14062 : 35184372371984 : DEBUG    : wait for : ['agent_unschedule_pubsub', 'control_pubsub', 'funcs_req_queue', 'funcs_res_queue', 'state_pubsub']
1627232065.288 : cmgr.0000            : 14062 : 35184372371984 : DEBUG    : wait for : ['control_pubsub', 'funcs_req_queue', 'funcs_res_queue', 'state_pubsub']
1627232065.339 : cmgr.0000            : 14062 : 35184372371984 : DEBUG    : wait for : ['control_pubsub', 'funcs_req_queue', 'funcs_res_queue', 'state_pubsub']
1627232065.389 : cmgr.0000            : 14062 : 35184372371984 : DEBUG    : wait for : ['control_pubsub', 'funcs_req_queue', 'funcs_res_queue', 'state_pubsub']
1627232065.439 : cmgr.0000            : 14062 : 35184372371984 : DEBUG    : wait for : ['control_pubsub', 'funcs_req_queue', 'funcs_res_queue', 'state_pubsub']
1627232065.489 : cmgr.0000            : 14062 : 35184372371984 : DEBUG    : wait for : ['funcs_req_queue', 'funcs_res_queue', 'state_pubsub']
1627232065.539 : cmgr.0000            : 14062 : 35184372371984 : DEBUG    : wait for : ['funcs_req_queue', 'funcs_res_queue', 'state_pubsub']
1627232065.589 : cmgr.0000            : 14062 : 35184372371984 : DEBUG    : wait for : ['funcs_req_queue', 'funcs_res_queue', 'state_pubsub']
1627232065.639 : cmgr.0000            : 14062 : 35184372371984 : DEBUG    : wait for : ['funcs_req_queue', 'funcs_res_queue', 'state_pubsub']
1627232065.690 : cmgr.0000            : 14062 : 35184372371984 : DEBUG    : wait for : ['funcs_res_queue', 'state_pubsub']
1627232065.740 : cmgr.0000            : 14062 : 35184372371984 : DEBUG    : wait for : ['funcs_res_queue', 'state_pubsub']
1627232065.790 : cmgr.0000            : 14062 : 35184372371984 : DEBUG    : wait for : ['funcs_res_queue', 'state_pubsub']
1627232065.840 : cmgr.0000            : 14062 : 35184372371984 : DEBUG    : wait for : ['funcs_res_queue', 'state_pubsub']
1627232065.890 : cmgr.0000            : 14062 : 35184372371984 : DEBUG    : wait for : ['state_pubsub']
1627232065.940 : cmgr.0000            : 14062 : 35184372371984 : DEBUG    : wait for : ['state_pubsub']
1627232065.990 : cmgr.0000            : 14062 : 35184372371984 : DEBUG    : wait for : ['state_pubsub']
1627232066.041 : cmgr.0000            : 14062 : 35184372371984 : DEBUG    : wait for : ['state_pubsub']
1627232066.091 : cmgr.0000            : 14062 : 35184372371984 : DEBUG    : wait for : []
1627232066.091 : cmgr.0000            : 14062 : 35184372371984 : DEBUG    : wait ok  : ['cmgr.0000', 'agent_executing_queue', 'agent_schedule_pubsub', 'agent_scheduling_queue', 'agent_staging_input_queue', 'agent_staging_output_queue', 'agent_unschedule_pubsub', 'control_pubsub', 'funcs_req_queue', 'funcs_res_queue', 'state_pubsub']
1627232066.094 : cmgr.0000            : 14062 : 35184372371984 : DEBUG    : preserving key :uid 	(agent.0)
1627232066.095 : cmgr.0000            : 14062 : 35184372371984 : INFO     : create  component agent_executing [agent_executing.0000]
1627232066.493 : cmgr.0000            : 14062 : 35184372371984 : DEBUG    : out: 
1627232066.493 : cmgr.0000            : 14062 : 35184372371984 : DEBUG    : err: 
1627232066.493 : cmgr.0000            : 14062 : 35184372371984 : INFO     : created component agent_executing [agent_executing.0000]
1627232066.494 : cmgr.0000            : 14062 : 35184372371984 : DEBUG    : preserving key :uid 	(agent.0)
1627232066.496 : cmgr.0000            : 14062 : 35184372371984 : INFO     : create  component agent_scheduling [agent_scheduling.0000]
1627232066.916 : cmgr.0000            : 14062 : 35184372371984 : DEBUG    : out: 
1627232066.916 : cmgr.0000            : 14062 : 35184372371984 : DEBUG    : err: 
1627232066.916 : cmgr.0000            : 14062 : 35184372371984 : INFO     : created component agent_scheduling [agent_scheduling.0000]
1627232066.917 : cmgr.0000            : 14062 : 35184372371984 : DEBUG    : preserving key :uid 	(agent.0)
1627232066.918 : cmgr.0000            : 14062 : 35184372371984 : INFO     : create  component agent_staging_input [agent_staging_input.0000]
1627232067.342 : cmgr.0000            : 14062 : 35184372371984 : DEBUG    : out: 
1627232067.342 : cmgr.0000            : 14062 : 35184372371984 : DEBUG    : err: 
1627232067.342 : cmgr.0000            : 14062 : 35184372371984 : INFO     : created component agent_staging_input [agent_staging_input.0000]
1627232067.344 : cmgr.0000            : 14062 : 35184372371984 : DEBUG    : preserving key :uid 	(agent.0)
1627232067.345 : cmgr.0000            : 14062 : 35184372371984 : INFO     : create  component agent_staging_output [agent_staging_output.0000]
1627232067.810 : cmgr.0000            : 14062 : 35184372371984 : DEBUG    : out: 
1627232067.810 : cmgr.0000            : 14062 : 35184372371984 : DEBUG    : err: 
1627232067.810 : cmgr.0000            : 14062 : 35184372371984 : INFO     : created component agent_staging_output [agent_staging_output.0000]
1627232067.812 : cmgr.0000            : 14062 : 35184372371984 : DEBUG    : preserving key :uid 	(agent.0)
1627232067.813 : cmgr.0000            : 14062 : 35184372371984 : INFO     : create  component update [update.0000]
1627232068.233 : cmgr.0000            : 14062 : 35184372371984 : DEBUG    : out: 
1627232068.233 : cmgr.0000            : 14062 : 35184372371984 : DEBUG    : err: 
1627232068.233 : cmgr.0000            : 14062 : 35184372371984 : INFO     : created component update [update.0000]
1627232068.234 : cmgr.0000            : 14062 : 35184372371984 : DEBUG    : wait for : ['agent_staging_input.0000', 'agent_staging_output.0000', 'update.0000']
1627232068.284 : cmgr.0000            : 14062 : 35184372371984 : DEBUG    : wait for : ['agent_staging_input.0000', 'agent_staging_output.0000', 'update.0000']
1627232068.334 : cmgr.0000            : 14062 : 35184372371984 : DEBUG    : wait for : ['agent_staging_input.0000', 'agent_staging_output.0000', 'update.0000']
1627232068.384 : cmgr.0000            : 14062 : 35184372371984 : DEBUG    : wait for : ['agent_staging_input.0000', 'agent_staging_output.0000', 'update.0000']
1627232068.434 : cmgr.0000            : 14062 : 35184372371984 : DEBUG    : wait for : ['agent_staging_input.0000', 'agent_staging_output.0000', 'update.0000']
1627232068.485 : cmgr.0000            : 14062 : 35184372371984 : DEBUG    : wait for : ['agent_staging_input.0000', 'agent_staging_output.0000', 'update.0000']
1627232068.535 : cmgr.0000            : 14062 : 35184372371984 : DEBUG    : wait for : ['agent_staging_input.0000', 'agent_staging_output.0000', 'update.0000']
1627232068.585 : cmgr.0000            : 14062 : 35184372371984 : DEBUG    : wait for : ['agent_staging_input.0000', 'agent_staging_output.0000', 'update.0000']
1627232068.635 : cmgr.0000            : 14062 : 35184372371984 : DEBUG    : wait for : ['agent_staging_input.0000', 'agent_staging_output.0000', 'update.0000']
1627232068.685 : cmgr.0000            : 14062 : 35184372371984 : DEBUG    : wait for : ['agent_staging_output.0000', 'update.0000']
1627232068.736 : cmgr.0000            : 14062 : 35184372371984 : DEBUG    : wait for : ['agent_staging_output.0000', 'update.0000']
1627232068.786 : cmgr.0000            : 14062 : 35184372371984 : DEBUG    : wait for : ['agent_staging_output.0000', 'update.0000']
1627232068.836 : cmgr.0000            : 14062 : 35184372371984 : DEBUG    : wait for : ['agent_staging_output.0000', 'update.0000']
1627232068.886 : cmgr.0000            : 14062 : 35184372371984 : DEBUG    : wait for : ['agent_staging_output.0000', 'update.0000']
1627232068.936 : cmgr.0000            : 14062 : 35184372371984 : DEBUG    : wait for : ['agent_staging_output.0000', 'update.0000']
1627232068.986 : cmgr.0000            : 14062 : 35184372371984 : DEBUG    : wait for : ['agent_staging_output.0000', 'update.0000']
1627232069.037 : cmgr.0000            : 14062 : 35184372371984 : DEBUG    : wait for : ['agent_staging_output.0000', 'update.0000']
1627232069.087 : cmgr.0000            : 14062 : 35184372371984 : DEBUG    : wait for : ['agent_staging_output.0000', 'update.0000']
1627232069.137 : cmgr.0000            : 14062 : 35184372371984 : DEBUG    : wait for : ['agent_staging_output.0000', 'update.0000']
1627232069.188 : cmgr.0000            : 14062 : 35184372371984 : DEBUG    : wait for : ['agent_staging_output.0000', 'update.0000']
1627232069.238 : cmgr.0000            : 14062 : 35184372371984 : DEBUG    : wait for : ['update.0000']
1627232069.289 : cmgr.0000            : 14062 : 35184372371984 : DEBUG    : wait for : ['update.0000']
1627232069.339 : cmgr.0000            : 14062 : 35184372371984 : DEBUG    : wait for : ['update.0000']
1627232069.389 : cmgr.0000            : 14062 : 35184372371984 : DEBUG    : wait for : ['update.0000']
1627232069.440 : cmgr.0000            : 14062 : 35184372371984 : DEBUG    : wait for : ['update.0000']
1627232069.490 : cmgr.0000            : 14062 : 35184372371984 : DEBUG    : wait for : ['update.0000']
1627232069.541 : cmgr.0000            : 14062 : 35184372371984 : DEBUG    : wait for : ['update.0000']
1627232069.591 : cmgr.0000            : 14062 : 35184372371984 : DEBUG    : wait for : ['update.0000']
1627232069.641 : cmgr.0000            : 14062 : 35184372371984 : DEBUG    : wait for : ['update.0000']
1627232069.692 : cmgr.0000            : 14062 : 35184372371984 : DEBUG    : wait for : ['update.0000']
1627232069.742 : cmgr.0000            : 14062 : 35184372371984 : DEBUG    : wait for : ['update.0000']
1627232069.793 : cmgr.0000            : 14062 : 35184372371984 : DEBUG    : wait for : ['update.0000']
1627232069.843 : cmgr.0000            : 14062 : 35184372371984 : DEBUG    : wait for : []
1627232069.843 : cmgr.0000            : 14062 : 35184372371984 : DEBUG    : wait ok  : ['cmgr.0000', 'agent_executing_queue', 'agent_schedule_pubsub', 'agent_scheduling_queue', 'agent_staging_input_queue', 'agent_staging_output_queue', 'agent_unschedule_pubsub', 'control_pubsub', 'funcs_req_queue', 'funcs_res_queue', 'state_pubsub', 'agent_executing.0000', 'agent_scheduling.0000', 'agent_staging_input.0000', 'agent_staging_output.0000', 'update.0000']
