1627232062.287 : radical.saga         : 14062 : 35184372371984 : INFO     : radical.saga         version: 1.6.6
1627232062.287 : radical.saga         : 14062 : 35184372371984 : DEBUG    : listing  adaptor registry: {'adaptor_registry': ['radical.saga.adaptors.context.myproxy', 'radical.saga.adaptors.context.x509', 'radical.saga.adaptors.context.ssh', 'radical.saga.adaptors.context.userpass', 'radical.saga.adaptors.noop.noop_job', 'radical.saga.adaptors.shell.shell_job', 'radical.saga.adaptors.shell.shell_file', 'radical.saga.adaptors.shell.shell_resource', 'radical.saga.adaptors.sge.sgejob', 'radical.saga.adaptors.lsf.lsfjob', 'radical.saga.adaptors.condor.condorjob', 'radical.saga.adaptors.slurm.slurm_job', 'radical.saga.adaptors.http.http_file', 'radical.saga.adaptors.aws.ec2_resource', 'radical.saga.adaptors.loadl.loadljob', 'radical.saga.adaptors.globus_online.go_file', 'radical.saga.adaptors.torque.torquejob', 'radical.saga.adaptors.pbspro.pbsprojob', 'radical.saga.adaptors.srm.srmfile', 'radical.saga.adaptors.cobalt.cobaltjob']}
1627232062.287 : radical.saga         : 14062 : 35184372371984 : INFO     : loading  adaptor radical.saga.adaptors.context.myproxy
1627232062.296 : radical.saga         : 14062 : 35184372371984 : INFO     : Register adaptor radical.saga.adaptors.context.myproxy for radical.saga.Context API: ['myproxy://']
1627232062.296 : radical.saga         : 14062 : 35184372371984 : INFO     : loading  adaptor radical.saga.adaptors.context.x509
1627232062.298 : radical.saga         : 14062 : 35184372371984 : INFO     : Register adaptor radical.saga.adaptors.context.x509 for radical.saga.Context API: ['x509://']
1627232062.298 : radical.saga         : 14062 : 35184372371984 : INFO     : loading  adaptor radical.saga.adaptors.context.ssh
1627232062.299 : radical.saga         : 14062 : 35184372371984 : INFO     : Register adaptor radical.saga.adaptors.context.ssh for radical.saga.Context API: ['ssh://']
1627232062.299 : radical.saga         : 14062 : 35184372371984 : INFO     : loading  adaptor radical.saga.adaptors.context.userpass
1627232062.301 : radical.saga         : 14062 : 35184372371984 : INFO     : Register adaptor radical.saga.adaptors.context.userpass for radical.saga.Context API: ['userpass://']
1627232062.301 : radical.saga         : 14062 : 35184372371984 : INFO     : loading  adaptor radical.saga.adaptors.noop.noop_job
1627232062.310 : radical.saga         : 14062 : 35184372371984 : INFO     : Register adaptor radical.saga.adaptors.noop.noop_job for radical.saga.job.Service API: ['noop://']
1627232062.310 : radical.saga         : 14062 : 35184372371984 : INFO     : Register adaptor radical.saga.adaptors.noop.noop_job for radical.saga.job.Job API: ['noop://']
1627232062.310 : radical.saga         : 14062 : 35184372371984 : INFO     : loading  adaptor radical.saga.adaptors.shell.shell_job
1627232062.320 : radical.saga         : 14062 : 35184372371984 : INFO     : Register adaptor radical.saga.adaptors.shell.shell_job for radical.saga.job.Service API: ['fork://', 'local://', 'ssh://', 'gsissh://']
1627232062.320 : radical.saga         : 14062 : 35184372371984 : INFO     : Register adaptor radical.saga.adaptors.shell.shell_job for radical.saga.job.Job API: ['fork://', 'local://', 'ssh://', 'gsissh://']
1627232062.320 : radical.saga         : 14062 : 35184372371984 : INFO     : loading  adaptor radical.saga.adaptors.shell.shell_file
1627232062.330 : radical.saga         : 14062 : 35184372371984 : INFO     : Register adaptor radical.saga.adaptors.shell.shell_file for radical.saga.namespace.Directory API: ['file://', 'local://', 'sftp://', 'gsisftp://', 'ssh://', 'gsissh://']
1627232062.330 : radical.saga         : 14062 : 35184372371984 : INFO     : Register adaptor radical.saga.adaptors.shell.shell_file for radical.saga.namespace.Entry API: ['file://', 'local://', 'sftp://', 'gsisftp://', 'ssh://', 'gsissh://']
1627232062.330 : radical.saga         : 14062 : 35184372371984 : INFO     : Register adaptor radical.saga.adaptors.shell.shell_file for radical.saga.filesystem.Directory API: ['file://', 'local://', 'sftp://', 'gsisftp://', 'ssh://', 'gsissh://']
1627232062.333 : radical.saga         : 14062 : 35184372371984 : INFO     : Register adaptor radical.saga.adaptors.shell.shell_file for radical.saga.filesystem.File API: ['file://', 'local://', 'sftp://', 'gsisftp://', 'ssh://', 'gsissh://']
1627232062.333 : radical.saga         : 14062 : 35184372371984 : INFO     : loading  adaptor radical.saga.adaptors.shell.shell_resource
1627232062.339 : radical.saga         : 14062 : 35184372371984 : WARNING  : skip beta adaptor radical.saga.adaptors.shell.shell_resource (version v0.1.beta)
1627232062.339 : radical.saga         : 14062 : 35184372371984 : INFO     : loading  adaptor radical.saga.adaptors.sge.sgejob
1627232062.345 : radical.saga         : 14062 : 35184372371984 : INFO     : Register adaptor radical.saga.adaptors.sge.sgejob for radical.saga.job.Service API: ['sge://', 'sge+ssh://', 'sge+gsissh://']
1627232062.345 : radical.saga         : 14062 : 35184372371984 : INFO     : Register adaptor radical.saga.adaptors.sge.sgejob for radical.saga.job.Job API: ['sge://', 'sge+ssh://', 'sge+gsissh://']
1627232062.345 : radical.saga         : 14062 : 35184372371984 : INFO     : loading  adaptor radical.saga.adaptors.lsf.lsfjob
1627232062.350 : radical.saga         : 14062 : 35184372371984 : INFO     : Register adaptor radical.saga.adaptors.lsf.lsfjob for radical.saga.job.Service API: ['lsf://', 'lsf+ssh://', 'lsf+gsissh://']
1627232062.350 : radical.saga         : 14062 : 35184372371984 : INFO     : Register adaptor radical.saga.adaptors.lsf.lsfjob for radical.saga.job.Job API: ['lsf://', 'lsf+ssh://', 'lsf+gsissh://']
1627232062.350 : radical.saga         : 14062 : 35184372371984 : INFO     : loading  adaptor radical.saga.adaptors.condor.condorjob
1627232062.355 : radical.saga         : 14062 : 35184372371984 : INFO     : Register adaptor radical.saga.adaptors.condor.condorjob for radical.saga.job.Service API: ['condor://', 'condor+ssh://', 'condor+gsissh://']
1627232062.355 : radical.saga         : 14062 : 35184372371984 : INFO     : Register adaptor radical.saga.adaptors.condor.condorjob for radical.saga.job.Job API: ['condor://', 'condor+ssh://', 'condor+gsissh://']
1627232062.356 : radical.saga         : 14062 : 35184372371984 : INFO     : loading  adaptor radical.saga.adaptors.slurm.slurm_job
1627232062.360 : radical.saga         : 14062 : 35184372371984 : INFO     : Register adaptor radical.saga.adaptors.slurm.slurm_job for radical.saga.job.Service API: ['slurm://', 'slurm+ssh://', 'slurm+gsissh://']
1627232062.360 : radical.saga         : 14062 : 35184372371984 : INFO     : Register adaptor radical.saga.adaptors.slurm.slurm_job for radical.saga.job.Job API: ['slurm://', 'slurm+ssh://', 'slurm+gsissh://']
1627232062.360 : radical.saga         : 14062 : 35184372371984 : INFO     : loading  adaptor radical.saga.adaptors.http.http_file
1627232062.384 : radical.saga         : 14062 : 35184372371984 : INFO     : Register adaptor radical.saga.adaptors.http.http_file for radical.saga.namespace.Entry API: ['http://', 'https://']
1627232062.384 : radical.saga         : 14062 : 35184372371984 : INFO     : Register adaptor radical.saga.adaptors.http.http_file for radical.saga.filesystem.File API: ['http://', 'https://']
1627232062.384 : radical.saga         : 14062 : 35184372371984 : INFO     : loading  adaptor radical.saga.adaptors.aws.ec2_resource
1627232062.537 : radical.saga         : 14062 : 35184372371984 : INFO     : Register adaptor radical.saga.adaptors.aws.ec2_resource for radical.saga.Context API: ['ec2://', 'ec2_keypair://', 'openstack://', 'eucalyptus://', 'euca://', 'aws://', 'amazon://', 'http://', 'https://']
1627232062.537 : radical.saga         : 14062 : 35184372371984 : INFO     : Register adaptor radical.saga.adaptors.aws.ec2_resource for radical.saga.resource.Manager API: ['ec2://', 'ec2_keypair://', 'openstack://', 'eucalyptus://', 'euca://', 'aws://', 'amazon://', 'http://', 'https://']
1627232062.537 : radical.saga         : 14062 : 35184372371984 : INFO     : Register adaptor radical.saga.adaptors.aws.ec2_resource for radical.saga.resource.Compute API: ['ec2://', 'ec2_keypair://', 'openstack://', 'eucalyptus://', 'euca://', 'aws://', 'amazon://', 'http://', 'https://']
1627232062.537 : radical.saga         : 14062 : 35184372371984 : INFO     : loading  adaptor radical.saga.adaptors.loadl.loadljob
1627232062.542 : radical.saga         : 14062 : 35184372371984 : INFO     : Register adaptor radical.saga.adaptors.loadl.loadljob for radical.saga.job.Service API: ['loadl://', 'loadl+ssh://', 'loadl+gsissh://']
1627232062.542 : radical.saga         : 14062 : 35184372371984 : INFO     : Register adaptor radical.saga.adaptors.loadl.loadljob for radical.saga.job.Job API: ['loadl://', 'loadl+ssh://', 'loadl+gsissh://']
1627232062.542 : radical.saga         : 14062 : 35184372371984 : INFO     : loading  adaptor radical.saga.adaptors.globus_online.go_file
1627232062.548 : radical.saga         : 14062 : 35184372371984 : INFO     : Register adaptor radical.saga.adaptors.globus_online.go_file for radical.saga.namespace.Directory API: ['go://']
1627232062.548 : radical.saga         : 14062 : 35184372371984 : INFO     : Register adaptor radical.saga.adaptors.globus_online.go_file for radical.saga.namespace.Entry API: ['go://']
1627232062.548 : radical.saga         : 14062 : 35184372371984 : INFO     : Register adaptor radical.saga.adaptors.globus_online.go_file for radical.saga.filesystem.Directory API: ['go://']
1627232062.548 : radical.saga         : 14062 : 35184372371984 : INFO     : Register adaptor radical.saga.adaptors.globus_online.go_file for radical.saga.filesystem.File API: ['go://']
1627232062.548 : radical.saga         : 14062 : 35184372371984 : INFO     : loading  adaptor radical.saga.adaptors.torque.torquejob
1627232062.552 : radical.saga         : 14062 : 35184372371984 : INFO     : Register adaptor radical.saga.adaptors.torque.torquejob for radical.saga.job.Service API: ['torque://', 'torque+ssh://', 'torque+gsissh://']
1627232062.552 : radical.saga         : 14062 : 35184372371984 : INFO     : Register adaptor radical.saga.adaptors.torque.torquejob for radical.saga.job.Job API: ['torque://', 'torque+ssh://', 'torque+gsissh://']
1627232062.552 : radical.saga         : 14062 : 35184372371984 : INFO     : loading  adaptor radical.saga.adaptors.pbspro.pbsprojob
1627232062.557 : radical.saga         : 14062 : 35184372371984 : INFO     : Register adaptor radical.saga.adaptors.pbspro.pbsprojob for radical.saga.job.Service API: ['pbspro://', 'pbspro+ssh://', 'pbspro+gsissh://']
1627232062.557 : radical.saga         : 14062 : 35184372371984 : INFO     : Register adaptor radical.saga.adaptors.pbspro.pbsprojob for radical.saga.job.Job API: ['pbspro://', 'pbspro+ssh://', 'pbspro+gsissh://']
1627232062.557 : radical.saga         : 14062 : 35184372371984 : INFO     : loading  adaptor radical.saga.adaptors.srm.srmfile
1627232062.561 : radical.saga         : 14062 : 35184372371984 : INFO     : Register adaptor radical.saga.adaptors.srm.srmfile for radical.saga.namespace.Directory API: ['srm://']
1627232062.561 : radical.saga         : 14062 : 35184372371984 : INFO     : Register adaptor radical.saga.adaptors.srm.srmfile for radical.saga.namespace.Entry API: ['srm://']
1627232062.561 : radical.saga         : 14062 : 35184372371984 : INFO     : Register adaptor radical.saga.adaptors.srm.srmfile for radical.saga.filesystem.Directory API: ['srm://']
1627232062.561 : radical.saga         : 14062 : 35184372371984 : INFO     : Register adaptor radical.saga.adaptors.srm.srmfile for radical.saga.filesystem.File API: ['srm://']
1627232062.561 : radical.saga         : 14062 : 35184372371984 : INFO     : loading  adaptor radical.saga.adaptors.cobalt.cobaltjob
1627232062.566 : radical.saga         : 14062 : 35184372371984 : INFO     : Register adaptor radical.saga.adaptors.cobalt.cobaltjob for radical.saga.job.Service API: ['cobalt://', 'cobalt+ssh://', 'cobalt+gsissh://']
1627232062.566 : radical.saga         : 14062 : 35184372371984 : INFO     : Register adaptor radical.saga.adaptors.cobalt.cobaltjob for radical.saga.job.Job API: ['cobalt://', 'cobalt+ssh://', 'cobalt+gsissh://']
1627232062.591 : radical.saga         : 14062 : 35184372371984 : DEBUG    : default context [radical.saga.adaptors.ssh] : {'LifeTime' : '-1', 'Type' : 'ssh', 'UserCert' : '/ccs/home/litan/.ssh/id_ed25519.pub', 'UserKey' : '/ccs/home/litan/.ssh/id_ed25519'}
1627232062.593 : radical.saga         : 14062 : 35184372371984 : WARNING  : cannot initialize context - no session: {'LifeTime' : '-1', 'Type' : 'ssh', 'UserCert' : '/ccs/home/litan/.ssh/id_ed25519.pub', 'UserKey' : '/ccs/home/litan/.ssh/id_ed25519'}
1627232066.507 : radical.saga         : 15274 : 35184372371984 : INFO     : radical.saga         version: 1.6.6
1627232066.507 : radical.saga         : 15274 : 35184372371984 : DEBUG    : listing  adaptor registry: {'adaptor_registry': ['radical.saga.adaptors.context.myproxy', 'radical.saga.adaptors.context.x509', 'radical.saga.adaptors.context.ssh', 'radical.saga.adaptors.context.userpass', 'radical.saga.adaptors.noop.noop_job', 'radical.saga.adaptors.shell.shell_job', 'radical.saga.adaptors.shell.shell_file', 'radical.saga.adaptors.shell.shell_resource', 'radical.saga.adaptors.sge.sgejob', 'radical.saga.adaptors.lsf.lsfjob', 'radical.saga.adaptors.condor.condorjob', 'radical.saga.adaptors.slurm.slurm_job', 'radical.saga.adaptors.http.http_file', 'radical.saga.adaptors.aws.ec2_resource', 'radical.saga.adaptors.loadl.loadljob', 'radical.saga.adaptors.globus_online.go_file', 'radical.saga.adaptors.torque.torquejob', 'radical.saga.adaptors.pbspro.pbsprojob', 'radical.saga.adaptors.srm.srmfile', 'radical.saga.adaptors.cobalt.cobaltjob']}
1627232066.507 : radical.saga         : 15274 : 35184372371984 : INFO     : loading  adaptor radical.saga.adaptors.context.myproxy
1627232066.513 : radical.saga         : 15274 : 35184372371984 : INFO     : Register adaptor radical.saga.adaptors.context.myproxy for radical.saga.Context API: ['myproxy://']
1627232066.513 : radical.saga         : 15274 : 35184372371984 : INFO     : loading  adaptor radical.saga.adaptors.context.x509
1627232066.514 : radical.saga         : 15274 : 35184372371984 : INFO     : Register adaptor radical.saga.adaptors.context.x509 for radical.saga.Context API: ['x509://']
1627232066.514 : radical.saga         : 15274 : 35184372371984 : INFO     : loading  adaptor radical.saga.adaptors.context.ssh
1627232066.515 : radical.saga         : 15274 : 35184372371984 : INFO     : Register adaptor radical.saga.adaptors.context.ssh for radical.saga.Context API: ['ssh://']
1627232066.515 : radical.saga         : 15274 : 35184372371984 : INFO     : loading  adaptor radical.saga.adaptors.context.userpass
1627232066.516 : radical.saga         : 15274 : 35184372371984 : INFO     : Register adaptor radical.saga.adaptors.context.userpass for radical.saga.Context API: ['userpass://']
1627232066.516 : radical.saga         : 15274 : 35184372371984 : INFO     : loading  adaptor radical.saga.adaptors.noop.noop_job
1627232066.521 : radical.saga         : 15274 : 35184372371984 : INFO     : Register adaptor radical.saga.adaptors.noop.noop_job for radical.saga.job.Service API: ['noop://']
1627232066.521 : radical.saga         : 15274 : 35184372371984 : INFO     : Register adaptor radical.saga.adaptors.noop.noop_job for radical.saga.job.Job API: ['noop://']
1627232066.521 : radical.saga         : 15274 : 35184372371984 : INFO     : loading  adaptor radical.saga.adaptors.shell.shell_job
1627232066.526 : radical.saga         : 15274 : 35184372371984 : INFO     : Register adaptor radical.saga.adaptors.shell.shell_job for radical.saga.job.Service API: ['fork://', 'local://', 'ssh://', 'gsissh://']
1627232066.526 : radical.saga         : 15274 : 35184372371984 : INFO     : Register adaptor radical.saga.adaptors.shell.shell_job for radical.saga.job.Job API: ['fork://', 'local://', 'ssh://', 'gsissh://']
1627232066.527 : radical.saga         : 15274 : 35184372371984 : INFO     : loading  adaptor radical.saga.adaptors.shell.shell_file
1627232066.531 : radical.saga         : 15274 : 35184372371984 : INFO     : Register adaptor radical.saga.adaptors.shell.shell_file for radical.saga.namespace.Directory API: ['file://', 'local://', 'sftp://', 'gsisftp://', 'ssh://', 'gsissh://']
1627232066.531 : radical.saga         : 15274 : 35184372371984 : INFO     : Register adaptor radical.saga.adaptors.shell.shell_file for radical.saga.namespace.Entry API: ['file://', 'local://', 'sftp://', 'gsisftp://', 'ssh://', 'gsissh://']
1627232066.531 : radical.saga         : 15274 : 35184372371984 : INFO     : Register adaptor radical.saga.adaptors.shell.shell_file for radical.saga.filesystem.Directory API: ['file://', 'local://', 'sftp://', 'gsisftp://', 'ssh://', 'gsissh://']
1627232066.531 : radical.saga         : 15274 : 35184372371984 : INFO     : Register adaptor radical.saga.adaptors.shell.shell_file for radical.saga.filesystem.File API: ['file://', 'local://', 'sftp://', 'gsisftp://', 'ssh://', 'gsissh://']
1627232066.531 : radical.saga         : 15274 : 35184372371984 : INFO     : loading  adaptor radical.saga.adaptors.shell.shell_resource
1627232066.533 : radical.saga         : 15274 : 35184372371984 : WARNING  : skip beta adaptor radical.saga.adaptors.shell.shell_resource (version v0.1.beta)
1627232066.533 : radical.saga         : 15274 : 35184372371984 : INFO     : loading  adaptor radical.saga.adaptors.sge.sgejob
1627232066.537 : radical.saga         : 15274 : 35184372371984 : INFO     : Register adaptor radical.saga.adaptors.sge.sgejob for radical.saga.job.Service API: ['sge://', 'sge+ssh://', 'sge+gsissh://']
1627232066.537 : radical.saga         : 15274 : 35184372371984 : INFO     : Register adaptor radical.saga.adaptors.sge.sgejob for radical.saga.job.Job API: ['sge://', 'sge+ssh://', 'sge+gsissh://']
1627232066.537 : radical.saga         : 15274 : 35184372371984 : INFO     : loading  adaptor radical.saga.adaptors.lsf.lsfjob
1627232066.538 : radical.saga         : 15274 : 35184372371984 : INFO     : Register adaptor radical.saga.adaptors.lsf.lsfjob for radical.saga.job.Service API: ['lsf://', 'lsf+ssh://', 'lsf+gsissh://']
1627232066.538 : radical.saga         : 15274 : 35184372371984 : INFO     : Register adaptor radical.saga.adaptors.lsf.lsfjob for radical.saga.job.Job API: ['lsf://', 'lsf+ssh://', 'lsf+gsissh://']
1627232066.538 : radical.saga         : 15274 : 35184372371984 : INFO     : loading  adaptor radical.saga.adaptors.condor.condorjob
1627232066.541 : radical.saga         : 15274 : 35184372371984 : INFO     : Register adaptor radical.saga.adaptors.condor.condorjob for radical.saga.job.Service API: ['condor://', 'condor+ssh://', 'condor+gsissh://']
1627232066.541 : radical.saga         : 15274 : 35184372371984 : INFO     : Register adaptor radical.saga.adaptors.condor.condorjob for radical.saga.job.Job API: ['condor://', 'condor+ssh://', 'condor+gsissh://']
1627232066.541 : radical.saga         : 15274 : 35184372371984 : INFO     : loading  adaptor radical.saga.adaptors.slurm.slurm_job
1627232066.543 : radical.saga         : 15274 : 35184372371984 : INFO     : Register adaptor radical.saga.adaptors.slurm.slurm_job for radical.saga.job.Service API: ['slurm://', 'slurm+ssh://', 'slurm+gsissh://']
1627232066.543 : radical.saga         : 15274 : 35184372371984 : INFO     : Register adaptor radical.saga.adaptors.slurm.slurm_job for radical.saga.job.Job API: ['slurm://', 'slurm+ssh://', 'slurm+gsissh://']
1627232066.543 : radical.saga         : 15274 : 35184372371984 : INFO     : loading  adaptor radical.saga.adaptors.http.http_file
1627232066.563 : radical.saga         : 15274 : 35184372371984 : INFO     : Register adaptor radical.saga.adaptors.http.http_file for radical.saga.namespace.Entry API: ['http://', 'https://']
1627232066.563 : radical.saga         : 15274 : 35184372371984 : INFO     : Register adaptor radical.saga.adaptors.http.http_file for radical.saga.filesystem.File API: ['http://', 'https://']
1627232066.563 : radical.saga         : 15274 : 35184372371984 : INFO     : loading  adaptor radical.saga.adaptors.aws.ec2_resource
1627232066.656 : radical.saga         : 15274 : 35184372371984 : INFO     : Register adaptor radical.saga.adaptors.aws.ec2_resource for radical.saga.Context API: ['ec2://', 'ec2_keypair://', 'openstack://', 'eucalyptus://', 'euca://', 'aws://', 'amazon://', 'http://', 'https://']
1627232066.656 : radical.saga         : 15274 : 35184372371984 : INFO     : Register adaptor radical.saga.adaptors.aws.ec2_resource for radical.saga.resource.Manager API: ['ec2://', 'ec2_keypair://', 'openstack://', 'eucalyptus://', 'euca://', 'aws://', 'amazon://', 'http://', 'https://']
1627232066.656 : radical.saga         : 15274 : 35184372371984 : INFO     : Register adaptor radical.saga.adaptors.aws.ec2_resource for radical.saga.resource.Compute API: ['ec2://', 'ec2_keypair://', 'openstack://', 'eucalyptus://', 'euca://', 'aws://', 'amazon://', 'http://', 'https://']
1627232066.656 : radical.saga         : 15274 : 35184372371984 : INFO     : loading  adaptor radical.saga.adaptors.loadl.loadljob
1627232066.658 : radical.saga         : 15274 : 35184372371984 : INFO     : Register adaptor radical.saga.adaptors.loadl.loadljob for radical.saga.job.Service API: ['loadl://', 'loadl+ssh://', 'loadl+gsissh://']
1627232066.658 : radical.saga         : 15274 : 35184372371984 : INFO     : Register adaptor radical.saga.adaptors.loadl.loadljob for radical.saga.job.Job API: ['loadl://', 'loadl+ssh://', 'loadl+gsissh://']
1627232066.659 : radical.saga         : 15274 : 35184372371984 : INFO     : loading  adaptor radical.saga.adaptors.globus_online.go_file
1627232066.661 : radical.saga         : 15274 : 35184372371984 : INFO     : Register adaptor radical.saga.adaptors.globus_online.go_file for radical.saga.namespace.Directory API: ['go://']
1627232066.661 : radical.saga         : 15274 : 35184372371984 : INFO     : Register adaptor radical.saga.adaptors.globus_online.go_file for radical.saga.namespace.Entry API: ['go://']
1627232066.661 : radical.saga         : 15274 : 35184372371984 : INFO     : Register adaptor radical.saga.adaptors.globus_online.go_file for radical.saga.filesystem.Directory API: ['go://']
1627232066.661 : radical.saga         : 15274 : 35184372371984 : INFO     : Register adaptor radical.saga.adaptors.globus_online.go_file for radical.saga.filesystem.File API: ['go://']
1627232066.661 : radical.saga         : 15274 : 35184372371984 : INFO     : loading  adaptor radical.saga.adaptors.torque.torquejob
1627232066.663 : radical.saga         : 15274 : 35184372371984 : INFO     : Register adaptor radical.saga.adaptors.torque.torquejob for radical.saga.job.Service API: ['torque://', 'torque+ssh://', 'torque+gsissh://']
1627232066.663 : radical.saga         : 15274 : 35184372371984 : INFO     : Register adaptor radical.saga.adaptors.torque.torquejob for radical.saga.job.Job API: ['torque://', 'torque+ssh://', 'torque+gsissh://']
1627232066.663 : radical.saga         : 15274 : 35184372371984 : INFO     : loading  adaptor radical.saga.adaptors.pbspro.pbsprojob
1627232066.665 : radical.saga         : 15274 : 35184372371984 : INFO     : Register adaptor radical.saga.adaptors.pbspro.pbsprojob for radical.saga.job.Service API: ['pbspro://', 'pbspro+ssh://', 'pbspro+gsissh://']
1627232066.665 : radical.saga         : 15274 : 35184372371984 : INFO     : Register adaptor radical.saga.adaptors.pbspro.pbsprojob for radical.saga.job.Job API: ['pbspro://', 'pbspro+ssh://', 'pbspro+gsissh://']
1627232066.665 : radical.saga         : 15274 : 35184372371984 : INFO     : loading  adaptor radical.saga.adaptors.srm.srmfile
1627232066.666 : radical.saga         : 15274 : 35184372371984 : INFO     : Register adaptor radical.saga.adaptors.srm.srmfile for radical.saga.namespace.Directory API: ['srm://']
1627232066.667 : radical.saga         : 15274 : 35184372371984 : INFO     : Register adaptor radical.saga.adaptors.srm.srmfile for radical.saga.namespace.Entry API: ['srm://']
1627232066.667 : radical.saga         : 15274 : 35184372371984 : INFO     : Register adaptor radical.saga.adaptors.srm.srmfile for radical.saga.filesystem.Directory API: ['srm://']
1627232066.667 : radical.saga         : 15274 : 35184372371984 : INFO     : Register adaptor radical.saga.adaptors.srm.srmfile for radical.saga.filesystem.File API: ['srm://']
1627232066.667 : radical.saga         : 15274 : 35184372371984 : INFO     : loading  adaptor radical.saga.adaptors.cobalt.cobaltjob
1627232066.669 : radical.saga         : 15274 : 35184372371984 : INFO     : Register adaptor radical.saga.adaptors.cobalt.cobaltjob for radical.saga.job.Service API: ['cobalt://', 'cobalt+ssh://', 'cobalt+gsissh://']
1627232066.669 : radical.saga         : 15274 : 35184372371984 : INFO     : Register adaptor radical.saga.adaptors.cobalt.cobaltjob for radical.saga.job.Job API: ['cobalt://', 'cobalt+ssh://', 'cobalt+gsissh://']
1627232066.693 : radical.saga         : 15274 : 35184372371984 : DEBUG    : default context [radical.saga.adaptors.ssh] : {'LifeTime' : '-1', 'Type' : 'ssh', 'UserCert' : '/ccs/home/litan/.ssh/id_ed25519.pub', 'UserKey' : '/ccs/home/litan/.ssh/id_ed25519'}
1627232066.696 : radical.saga         : 15274 : 35184372371984 : WARNING  : cannot initialize context - no session: {'LifeTime' : '-1', 'Type' : 'ssh', 'UserCert' : '/ccs/home/litan/.ssh/id_ed25519.pub', 'UserKey' : '/ccs/home/litan/.ssh/id_ed25519'}
1627232066.919 : radical.saga         : 15378 : 35184372371984 : INFO     : radical.saga         version: 1.6.6
1627232066.919 : radical.saga         : 15378 : 35184372371984 : DEBUG    : listing  adaptor registry: {'adaptor_registry': ['radical.saga.adaptors.context.myproxy', 'radical.saga.adaptors.context.x509', 'radical.saga.adaptors.context.ssh', 'radical.saga.adaptors.context.userpass', 'radical.saga.adaptors.noop.noop_job', 'radical.saga.adaptors.shell.shell_job', 'radical.saga.adaptors.shell.shell_file', 'radical.saga.adaptors.shell.shell_resource', 'radical.saga.adaptors.sge.sgejob', 'radical.saga.adaptors.lsf.lsfjob', 'radical.saga.adaptors.condor.condorjob', 'radical.saga.adaptors.slurm.slurm_job', 'radical.saga.adaptors.http.http_file', 'radical.saga.adaptors.aws.ec2_resource', 'radical.saga.adaptors.loadl.loadljob', 'radical.saga.adaptors.globus_online.go_file', 'radical.saga.adaptors.torque.torquejob', 'radical.saga.adaptors.pbspro.pbsprojob', 'radical.saga.adaptors.srm.srmfile', 'radical.saga.adaptors.cobalt.cobaltjob']}
1627232066.919 : radical.saga         : 15378 : 35184372371984 : INFO     : loading  adaptor radical.saga.adaptors.context.myproxy
1627232066.923 : radical.saga         : 15378 : 35184372371984 : INFO     : Register adaptor radical.saga.adaptors.context.myproxy for radical.saga.Context API: ['myproxy://']
1627232066.923 : radical.saga         : 15378 : 35184372371984 : INFO     : loading  adaptor radical.saga.adaptors.context.x509
1627232066.924 : radical.saga         : 15378 : 35184372371984 : INFO     : Register adaptor radical.saga.adaptors.context.x509 for radical.saga.Context API: ['x509://']
1627232066.924 : radical.saga         : 15378 : 35184372371984 : INFO     : loading  adaptor radical.saga.adaptors.context.ssh
1627232066.925 : radical.saga         : 15378 : 35184372371984 : INFO     : Register adaptor radical.saga.adaptors.context.ssh for radical.saga.Context API: ['ssh://']
1627232066.925 : radical.saga         : 15378 : 35184372371984 : INFO     : loading  adaptor radical.saga.adaptors.context.userpass
1627232066.925 : radical.saga         : 15378 : 35184372371984 : INFO     : Register adaptor radical.saga.adaptors.context.userpass for radical.saga.Context API: ['userpass://']
1627232066.925 : radical.saga         : 15378 : 35184372371984 : INFO     : loading  adaptor radical.saga.adaptors.noop.noop_job
1627232066.929 : radical.saga         : 15378 : 35184372371984 : INFO     : Register adaptor radical.saga.adaptors.noop.noop_job for radical.saga.job.Service API: ['noop://']
1627232066.929 : radical.saga         : 15378 : 35184372371984 : INFO     : Register adaptor radical.saga.adaptors.noop.noop_job for radical.saga.job.Job API: ['noop://']
1627232066.929 : radical.saga         : 15378 : 35184372371984 : INFO     : loading  adaptor radical.saga.adaptors.shell.shell_job
1627232066.934 : radical.saga         : 15378 : 35184372371984 : INFO     : Register adaptor radical.saga.adaptors.shell.shell_job for radical.saga.job.Service API: ['fork://', 'local://', 'ssh://', 'gsissh://']
1627232066.934 : radical.saga         : 15378 : 35184372371984 : INFO     : Register adaptor radical.saga.adaptors.shell.shell_job for radical.saga.job.Job API: ['fork://', 'local://', 'ssh://', 'gsissh://']
1627232066.934 : radical.saga         : 15378 : 35184372371984 : INFO     : loading  adaptor radical.saga.adaptors.shell.shell_file
1627232066.938 : radical.saga         : 15378 : 35184372371984 : INFO     : Register adaptor radical.saga.adaptors.shell.shell_file for radical.saga.namespace.Directory API: ['file://', 'local://', 'sftp://', 'gsisftp://', 'ssh://', 'gsissh://']
1627232066.939 : radical.saga         : 15378 : 35184372371984 : INFO     : Register adaptor radical.saga.adaptors.shell.shell_file for radical.saga.namespace.Entry API: ['file://', 'local://', 'sftp://', 'gsisftp://', 'ssh://', 'gsissh://']
1627232066.939 : radical.saga         : 15378 : 35184372371984 : INFO     : Register adaptor radical.saga.adaptors.shell.shell_file for radical.saga.filesystem.Directory API: ['file://', 'local://', 'sftp://', 'gsisftp://', 'ssh://', 'gsissh://']
1627232066.939 : radical.saga         : 15378 : 35184372371984 : INFO     : Register adaptor radical.saga.adaptors.shell.shell_file for radical.saga.filesystem.File API: ['file://', 'local://', 'sftp://', 'gsisftp://', 'ssh://', 'gsissh://']
1627232066.939 : radical.saga         : 15378 : 35184372371984 : INFO     : loading  adaptor radical.saga.adaptors.shell.shell_resource
1627232066.941 : radical.saga         : 15378 : 35184372371984 : WARNING  : skip beta adaptor radical.saga.adaptors.shell.shell_resource (version v0.1.beta)
1627232066.941 : radical.saga         : 15378 : 35184372371984 : INFO     : loading  adaptor radical.saga.adaptors.sge.sgejob
1627232066.944 : radical.saga         : 15378 : 35184372371984 : INFO     : Register adaptor radical.saga.adaptors.sge.sgejob for radical.saga.job.Service API: ['sge://', 'sge+ssh://', 'sge+gsissh://']
1627232066.945 : radical.saga         : 15378 : 35184372371984 : INFO     : Register adaptor radical.saga.adaptors.sge.sgejob for radical.saga.job.Job API: ['sge://', 'sge+ssh://', 'sge+gsissh://']
1627232066.945 : radical.saga         : 15378 : 35184372371984 : INFO     : loading  adaptor radical.saga.adaptors.lsf.lsfjob
1627232066.946 : radical.saga         : 15378 : 35184372371984 : INFO     : Register adaptor radical.saga.adaptors.lsf.lsfjob for radical.saga.job.Service API: ['lsf://', 'lsf+ssh://', 'lsf+gsissh://']
1627232066.946 : radical.saga         : 15378 : 35184372371984 : INFO     : Register adaptor radical.saga.adaptors.lsf.lsfjob for radical.saga.job.Job API: ['lsf://', 'lsf+ssh://', 'lsf+gsissh://']
1627232066.946 : radical.saga         : 15378 : 35184372371984 : INFO     : loading  adaptor radical.saga.adaptors.condor.condorjob
1627232066.949 : radical.saga         : 15378 : 35184372371984 : INFO     : Register adaptor radical.saga.adaptors.condor.condorjob for radical.saga.job.Service API: ['condor://', 'condor+ssh://', 'condor+gsissh://']
1627232066.949 : radical.saga         : 15378 : 35184372371984 : INFO     : Register adaptor radical.saga.adaptors.condor.condorjob for radical.saga.job.Job API: ['condor://', 'condor+ssh://', 'condor+gsissh://']
1627232066.949 : radical.saga         : 15378 : 35184372371984 : INFO     : loading  adaptor radical.saga.adaptors.slurm.slurm_job
1627232066.951 : radical.saga         : 15378 : 35184372371984 : INFO     : Register adaptor radical.saga.adaptors.slurm.slurm_job for radical.saga.job.Service API: ['slurm://', 'slurm+ssh://', 'slurm+gsissh://']
1627232066.951 : radical.saga         : 15378 : 35184372371984 : INFO     : Register adaptor radical.saga.adaptors.slurm.slurm_job for radical.saga.job.Job API: ['slurm://', 'slurm+ssh://', 'slurm+gsissh://']
1627232066.951 : radical.saga         : 15378 : 35184372371984 : INFO     : loading  adaptor radical.saga.adaptors.http.http_file
1627232066.970 : radical.saga         : 15378 : 35184372371984 : INFO     : Register adaptor radical.saga.adaptors.http.http_file for radical.saga.namespace.Entry API: ['http://', 'https://']
1627232066.970 : radical.saga         : 15378 : 35184372371984 : INFO     : Register adaptor radical.saga.adaptors.http.http_file for radical.saga.filesystem.File API: ['http://', 'https://']
1627232066.970 : radical.saga         : 15378 : 35184372371984 : INFO     : loading  adaptor radical.saga.adaptors.aws.ec2_resource
1627232067.067 : radical.saga         : 15378 : 35184372371984 : INFO     : Register adaptor radical.saga.adaptors.aws.ec2_resource for radical.saga.Context API: ['ec2://', 'ec2_keypair://', 'openstack://', 'eucalyptus://', 'euca://', 'aws://', 'amazon://', 'http://', 'https://']
1627232067.067 : radical.saga         : 15378 : 35184372371984 : INFO     : Register adaptor radical.saga.adaptors.aws.ec2_resource for radical.saga.resource.Manager API: ['ec2://', 'ec2_keypair://', 'openstack://', 'eucalyptus://', 'euca://', 'aws://', 'amazon://', 'http://', 'https://']
1627232067.068 : radical.saga         : 15378 : 35184372371984 : INFO     : Register adaptor radical.saga.adaptors.aws.ec2_resource for radical.saga.resource.Compute API: ['ec2://', 'ec2_keypair://', 'openstack://', 'eucalyptus://', 'euca://', 'aws://', 'amazon://', 'http://', 'https://']
1627232067.068 : radical.saga         : 15378 : 35184372371984 : INFO     : loading  adaptor radical.saga.adaptors.loadl.loadljob
1627232067.070 : radical.saga         : 15378 : 35184372371984 : INFO     : Register adaptor radical.saga.adaptors.loadl.loadljob for radical.saga.job.Service API: ['loadl://', 'loadl+ssh://', 'loadl+gsissh://']
1627232067.070 : radical.saga         : 15378 : 35184372371984 : INFO     : Register adaptor radical.saga.adaptors.loadl.loadljob for radical.saga.job.Job API: ['loadl://', 'loadl+ssh://', 'loadl+gsissh://']
1627232067.070 : radical.saga         : 15378 : 35184372371984 : INFO     : loading  adaptor radical.saga.adaptors.globus_online.go_file
1627232067.073 : radical.saga         : 15378 : 35184372371984 : INFO     : Register adaptor radical.saga.adaptors.globus_online.go_file for radical.saga.namespace.Directory API: ['go://']
1627232067.073 : radical.saga         : 15378 : 35184372371984 : INFO     : Register adaptor radical.saga.adaptors.globus_online.go_file for radical.saga.namespace.Entry API: ['go://']
1627232067.073 : radical.saga         : 15378 : 35184372371984 : INFO     : Register adaptor radical.saga.adaptors.globus_online.go_file for radical.saga.filesystem.Directory API: ['go://']
1627232067.073 : radical.saga         : 15378 : 35184372371984 : INFO     : Register adaptor radical.saga.adaptors.globus_online.go_file for radical.saga.filesystem.File API: ['go://']
1627232067.073 : radical.saga         : 15378 : 35184372371984 : INFO     : loading  adaptor radical.saga.adaptors.torque.torquejob
1627232067.075 : radical.saga         : 15378 : 35184372371984 : INFO     : Register adaptor radical.saga.adaptors.torque.torquejob for radical.saga.job.Service API: ['torque://', 'torque+ssh://', 'torque+gsissh://']
1627232067.075 : radical.saga         : 15378 : 35184372371984 : INFO     : Register adaptor radical.saga.adaptors.torque.torquejob for radical.saga.job.Job API: ['torque://', 'torque+ssh://', 'torque+gsissh://']
1627232067.075 : radical.saga         : 15378 : 35184372371984 : INFO     : loading  adaptor radical.saga.adaptors.pbspro.pbsprojob
1627232067.077 : radical.saga         : 15378 : 35184372371984 : INFO     : Register adaptor radical.saga.adaptors.pbspro.pbsprojob for radical.saga.job.Service API: ['pbspro://', 'pbspro+ssh://', 'pbspro+gsissh://']
1627232067.077 : radical.saga         : 15378 : 35184372371984 : INFO     : Register adaptor radical.saga.adaptors.pbspro.pbsprojob for radical.saga.job.Job API: ['pbspro://', 'pbspro+ssh://', 'pbspro+gsissh://']
1627232067.077 : radical.saga         : 15378 : 35184372371984 : INFO     : loading  adaptor radical.saga.adaptors.srm.srmfile
1627232067.079 : radical.saga         : 15378 : 35184372371984 : INFO     : Register adaptor radical.saga.adaptors.srm.srmfile for radical.saga.namespace.Directory API: ['srm://']
1627232067.079 : radical.saga         : 15378 : 35184372371984 : INFO     : Register adaptor radical.saga.adaptors.srm.srmfile for radical.saga.namespace.Entry API: ['srm://']
1627232067.079 : radical.saga         : 15378 : 35184372371984 : INFO     : Register adaptor radical.saga.adaptors.srm.srmfile for radical.saga.filesystem.Directory API: ['srm://']
1627232067.079 : radical.saga         : 15378 : 35184372371984 : INFO     : Register adaptor radical.saga.adaptors.srm.srmfile for radical.saga.filesystem.File API: ['srm://']
1627232067.079 : radical.saga         : 15378 : 35184372371984 : INFO     : loading  adaptor radical.saga.adaptors.cobalt.cobaltjob
1627232067.082 : radical.saga         : 15378 : 35184372371984 : INFO     : Register adaptor radical.saga.adaptors.cobalt.cobaltjob for radical.saga.job.Service API: ['cobalt://', 'cobalt+ssh://', 'cobalt+gsissh://']
1627232067.082 : radical.saga         : 15378 : 35184372371984 : INFO     : Register adaptor radical.saga.adaptors.cobalt.cobaltjob for radical.saga.job.Job API: ['cobalt://', 'cobalt+ssh://', 'cobalt+gsissh://']
1627232067.105 : radical.saga         : 15378 : 35184372371984 : DEBUG    : default context [radical.saga.adaptors.ssh] : {'LifeTime' : '-1', 'Type' : 'ssh', 'UserCert' : '/ccs/home/litan/.ssh/id_ed25519.pub', 'UserKey' : '/ccs/home/litan/.ssh/id_ed25519'}
1627232067.107 : radical.saga         : 15378 : 35184372371984 : WARNING  : cannot initialize context - no session: {'LifeTime' : '-1', 'Type' : 'ssh', 'UserCert' : '/ccs/home/litan/.ssh/id_ed25519.pub', 'UserKey' : '/ccs/home/litan/.ssh/id_ed25519'}
1627232067.358 : radical.saga         : 15551 : 35184372371984 : INFO     : radical.saga         version: 1.6.6
1627232067.358 : radical.saga         : 15551 : 35184372371984 : DEBUG    : listing  adaptor registry: {'adaptor_registry': ['radical.saga.adaptors.context.myproxy', 'radical.saga.adaptors.context.x509', 'radical.saga.adaptors.context.ssh', 'radical.saga.adaptors.context.userpass', 'radical.saga.adaptors.noop.noop_job', 'radical.saga.adaptors.shell.shell_job', 'radical.saga.adaptors.shell.shell_file', 'radical.saga.adaptors.shell.shell_resource', 'radical.saga.adaptors.sge.sgejob', 'radical.saga.adaptors.lsf.lsfjob', 'radical.saga.adaptors.condor.condorjob', 'radical.saga.adaptors.slurm.slurm_job', 'radical.saga.adaptors.http.http_file', 'radical.saga.adaptors.aws.ec2_resource', 'radical.saga.adaptors.loadl.loadljob', 'radical.saga.adaptors.globus_online.go_file', 'radical.saga.adaptors.torque.torquejob', 'radical.saga.adaptors.pbspro.pbsprojob', 'radical.saga.adaptors.srm.srmfile', 'radical.saga.adaptors.cobalt.cobaltjob']}
1627232067.358 : radical.saga         : 15551 : 35184372371984 : INFO     : loading  adaptor radical.saga.adaptors.context.myproxy
1627232067.364 : radical.saga         : 15551 : 35184372371984 : INFO     : Register adaptor radical.saga.adaptors.context.myproxy for radical.saga.Context API: ['myproxy://']
1627232067.364 : radical.saga         : 15551 : 35184372371984 : INFO     : loading  adaptor radical.saga.adaptors.context.x509
1627232067.365 : radical.saga         : 15551 : 35184372371984 : INFO     : Register adaptor radical.saga.adaptors.context.x509 for radical.saga.Context API: ['x509://']
1627232067.365 : radical.saga         : 15551 : 35184372371984 : INFO     : loading  adaptor radical.saga.adaptors.context.ssh
1627232067.366 : radical.saga         : 15551 : 35184372371984 : INFO     : Register adaptor radical.saga.adaptors.context.ssh for radical.saga.Context API: ['ssh://']
1627232067.367 : radical.saga         : 15551 : 35184372371984 : INFO     : loading  adaptor radical.saga.adaptors.context.userpass
1627232067.368 : radical.saga         : 15551 : 35184372371984 : INFO     : Register adaptor radical.saga.adaptors.context.userpass for radical.saga.Context API: ['userpass://']
1627232067.368 : radical.saga         : 15551 : 35184372371984 : INFO     : loading  adaptor radical.saga.adaptors.noop.noop_job
1627232067.373 : radical.saga         : 15551 : 35184372371984 : INFO     : Register adaptor radical.saga.adaptors.noop.noop_job for radical.saga.job.Service API: ['noop://']
1627232067.373 : radical.saga         : 15551 : 35184372371984 : INFO     : Register adaptor radical.saga.adaptors.noop.noop_job for radical.saga.job.Job API: ['noop://']
1627232067.373 : radical.saga         : 15551 : 35184372371984 : INFO     : loading  adaptor radical.saga.adaptors.shell.shell_job
1627232067.379 : radical.saga         : 15551 : 35184372371984 : INFO     : Register adaptor radical.saga.adaptors.shell.shell_job for radical.saga.job.Service API: ['fork://', 'local://', 'ssh://', 'gsissh://']
1627232067.380 : radical.saga         : 15551 : 35184372371984 : INFO     : Register adaptor radical.saga.adaptors.shell.shell_job for radical.saga.job.Job API: ['fork://', 'local://', 'ssh://', 'gsissh://']
1627232067.380 : radical.saga         : 15551 : 35184372371984 : INFO     : loading  adaptor radical.saga.adaptors.shell.shell_file
1627232067.387 : radical.saga         : 15551 : 35184372371984 : INFO     : Register adaptor radical.saga.adaptors.shell.shell_file for radical.saga.namespace.Directory API: ['file://', 'local://', 'sftp://', 'gsisftp://', 'ssh://', 'gsissh://']
1627232067.387 : radical.saga         : 15551 : 35184372371984 : INFO     : Register adaptor radical.saga.adaptors.shell.shell_file for radical.saga.namespace.Entry API: ['file://', 'local://', 'sftp://', 'gsisftp://', 'ssh://', 'gsissh://']
1627232067.387 : radical.saga         : 15551 : 35184372371984 : INFO     : Register adaptor radical.saga.adaptors.shell.shell_file for radical.saga.filesystem.Directory API: ['file://', 'local://', 'sftp://', 'gsisftp://', 'ssh://', 'gsissh://']
1627232067.387 : radical.saga         : 15551 : 35184372371984 : INFO     : Register adaptor radical.saga.adaptors.shell.shell_file for radical.saga.filesystem.File API: ['file://', 'local://', 'sftp://', 'gsisftp://', 'ssh://', 'gsissh://']
1627232067.387 : radical.saga         : 15551 : 35184372371984 : INFO     : loading  adaptor radical.saga.adaptors.shell.shell_resource
1627232067.392 : radical.saga         : 15551 : 35184372371984 : WARNING  : skip beta adaptor radical.saga.adaptors.shell.shell_resource (version v0.1.beta)
1627232067.392 : radical.saga         : 15551 : 35184372371984 : INFO     : loading  adaptor radical.saga.adaptors.sge.sgejob
1627232067.399 : radical.saga         : 15551 : 35184372371984 : INFO     : Register adaptor radical.saga.adaptors.sge.sgejob for radical.saga.job.Service API: ['sge://', 'sge+ssh://', 'sge+gsissh://']
1627232067.399 : radical.saga         : 15551 : 35184372371984 : INFO     : Register adaptor radical.saga.adaptors.sge.sgejob for radical.saga.job.Job API: ['sge://', 'sge+ssh://', 'sge+gsissh://']
1627232067.399 : radical.saga         : 15551 : 35184372371984 : INFO     : loading  adaptor radical.saga.adaptors.lsf.lsfjob
1627232067.401 : radical.saga         : 15551 : 35184372371984 : INFO     : Register adaptor radical.saga.adaptors.lsf.lsfjob for radical.saga.job.Service API: ['lsf://', 'lsf+ssh://', 'lsf+gsissh://']
1627232067.401 : radical.saga         : 15551 : 35184372371984 : INFO     : Register adaptor radical.saga.adaptors.lsf.lsfjob for radical.saga.job.Job API: ['lsf://', 'lsf+ssh://', 'lsf+gsissh://']
1627232067.401 : radical.saga         : 15551 : 35184372371984 : INFO     : loading  adaptor radical.saga.adaptors.condor.condorjob
1627232067.404 : radical.saga         : 15551 : 35184372371984 : INFO     : Register adaptor radical.saga.adaptors.condor.condorjob for radical.saga.job.Service API: ['condor://', 'condor+ssh://', 'condor+gsissh://']
1627232067.404 : radical.saga         : 15551 : 35184372371984 : INFO     : Register adaptor radical.saga.adaptors.condor.condorjob for radical.saga.job.Job API: ['condor://', 'condor+ssh://', 'condor+gsissh://']
1627232067.404 : radical.saga         : 15551 : 35184372371984 : INFO     : loading  adaptor radical.saga.adaptors.slurm.slurm_job
1627232067.406 : radical.saga         : 15551 : 35184372371984 : INFO     : Register adaptor radical.saga.adaptors.slurm.slurm_job for radical.saga.job.Service API: ['slurm://', 'slurm+ssh://', 'slurm+gsissh://']
1627232067.406 : radical.saga         : 15551 : 35184372371984 : INFO     : Register adaptor radical.saga.adaptors.slurm.slurm_job for radical.saga.job.Job API: ['slurm://', 'slurm+ssh://', 'slurm+gsissh://']
1627232067.406 : radical.saga         : 15551 : 35184372371984 : INFO     : loading  adaptor radical.saga.adaptors.http.http_file
1627232067.425 : radical.saga         : 15551 : 35184372371984 : INFO     : Register adaptor radical.saga.adaptors.http.http_file for radical.saga.namespace.Entry API: ['http://', 'https://']
1627232067.426 : radical.saga         : 15551 : 35184372371984 : INFO     : Register adaptor radical.saga.adaptors.http.http_file for radical.saga.filesystem.File API: ['http://', 'https://']
1627232067.426 : radical.saga         : 15551 : 35184372371984 : INFO     : loading  adaptor radical.saga.adaptors.aws.ec2_resource
1627232067.527 : radical.saga         : 15551 : 35184372371984 : INFO     : Register adaptor radical.saga.adaptors.aws.ec2_resource for radical.saga.Context API: ['ec2://', 'ec2_keypair://', 'openstack://', 'eucalyptus://', 'euca://', 'aws://', 'amazon://', 'http://', 'https://']
1627232067.528 : radical.saga         : 15551 : 35184372371984 : INFO     : Register adaptor radical.saga.adaptors.aws.ec2_resource for radical.saga.resource.Manager API: ['ec2://', 'ec2_keypair://', 'openstack://', 'eucalyptus://', 'euca://', 'aws://', 'amazon://', 'http://', 'https://']
1627232067.528 : radical.saga         : 15551 : 35184372371984 : INFO     : Register adaptor radical.saga.adaptors.aws.ec2_resource for radical.saga.resource.Compute API: ['ec2://', 'ec2_keypair://', 'openstack://', 'eucalyptus://', 'euca://', 'aws://', 'amazon://', 'http://', 'https://']
1627232067.528 : radical.saga         : 15551 : 35184372371984 : INFO     : loading  adaptor radical.saga.adaptors.loadl.loadljob
1627232067.530 : radical.saga         : 15551 : 35184372371984 : INFO     : Register adaptor radical.saga.adaptors.loadl.loadljob for radical.saga.job.Service API: ['loadl://', 'loadl+ssh://', 'loadl+gsissh://']
1627232067.530 : radical.saga         : 15551 : 35184372371984 : INFO     : Register adaptor radical.saga.adaptors.loadl.loadljob for radical.saga.job.Job API: ['loadl://', 'loadl+ssh://', 'loadl+gsissh://']
1627232067.530 : radical.saga         : 15551 : 35184372371984 : INFO     : loading  adaptor radical.saga.adaptors.globus_online.go_file
1627232067.533 : radical.saga         : 15551 : 35184372371984 : INFO     : Register adaptor radical.saga.adaptors.globus_online.go_file for radical.saga.namespace.Directory API: ['go://']
1627232067.533 : radical.saga         : 15551 : 35184372371984 : INFO     : Register adaptor radical.saga.adaptors.globus_online.go_file for radical.saga.namespace.Entry API: ['go://']
1627232067.533 : radical.saga         : 15551 : 35184372371984 : INFO     : Register adaptor radical.saga.adaptors.globus_online.go_file for radical.saga.filesystem.Directory API: ['go://']
1627232067.533 : radical.saga         : 15551 : 35184372371984 : INFO     : Register adaptor radical.saga.adaptors.globus_online.go_file for radical.saga.filesystem.File API: ['go://']
1627232067.533 : radical.saga         : 15551 : 35184372371984 : INFO     : loading  adaptor radical.saga.adaptors.torque.torquejob
1627232067.535 : radical.saga         : 15551 : 35184372371984 : INFO     : Register adaptor radical.saga.adaptors.torque.torquejob for radical.saga.job.Service API: ['torque://', 'torque+ssh://', 'torque+gsissh://']
1627232067.535 : radical.saga         : 15551 : 35184372371984 : INFO     : Register adaptor radical.saga.adaptors.torque.torquejob for radical.saga.job.Job API: ['torque://', 'torque+ssh://', 'torque+gsissh://']
1627232067.535 : radical.saga         : 15551 : 35184372371984 : INFO     : loading  adaptor radical.saga.adaptors.pbspro.pbsprojob
1627232067.537 : radical.saga         : 15551 : 35184372371984 : INFO     : Register adaptor radical.saga.adaptors.pbspro.pbsprojob for radical.saga.job.Service API: ['pbspro://', 'pbspro+ssh://', 'pbspro+gsissh://']
1627232067.537 : radical.saga         : 15551 : 35184372371984 : INFO     : Register adaptor radical.saga.adaptors.pbspro.pbsprojob for radical.saga.job.Job API: ['pbspro://', 'pbspro+ssh://', 'pbspro+gsissh://']
1627232067.537 : radical.saga         : 15551 : 35184372371984 : INFO     : loading  adaptor radical.saga.adaptors.srm.srmfile
1627232067.539 : radical.saga         : 15551 : 35184372371984 : INFO     : Register adaptor radical.saga.adaptors.srm.srmfile for radical.saga.namespace.Directory API: ['srm://']
1627232067.539 : radical.saga         : 15551 : 35184372371984 : INFO     : Register adaptor radical.saga.adaptors.srm.srmfile for radical.saga.namespace.Entry API: ['srm://']
1627232067.539 : radical.saga         : 15551 : 35184372371984 : INFO     : Register adaptor radical.saga.adaptors.srm.srmfile for radical.saga.filesystem.Directory API: ['srm://']
1627232067.539 : radical.saga         : 15551 : 35184372371984 : INFO     : Register adaptor radical.saga.adaptors.srm.srmfile for radical.saga.filesystem.File API: ['srm://']
1627232067.539 : radical.saga         : 15551 : 35184372371984 : INFO     : loading  adaptor radical.saga.adaptors.cobalt.cobaltjob
1627232067.542 : radical.saga         : 15551 : 35184372371984 : INFO     : Register adaptor radical.saga.adaptors.cobalt.cobaltjob for radical.saga.job.Service API: ['cobalt://', 'cobalt+ssh://', 'cobalt+gsissh://']
1627232067.542 : radical.saga         : 15551 : 35184372371984 : INFO     : Register adaptor radical.saga.adaptors.cobalt.cobaltjob for radical.saga.job.Job API: ['cobalt://', 'cobalt+ssh://', 'cobalt+gsissh://']
1627232067.566 : radical.saga         : 15551 : 35184372371984 : DEBUG    : default context [radical.saga.adaptors.ssh] : {'LifeTime' : '-1', 'Type' : 'ssh', 'UserCert' : '/ccs/home/litan/.ssh/id_ed25519.pub', 'UserKey' : '/ccs/home/litan/.ssh/id_ed25519'}
1627232067.569 : radical.saga         : 15551 : 35184372371984 : WARNING  : cannot initialize context - no session: {'LifeTime' : '-1', 'Type' : 'ssh', 'UserCert' : '/ccs/home/litan/.ssh/id_ed25519.pub', 'UserKey' : '/ccs/home/litan/.ssh/id_ed25519'}
1627232067.816 : radical.saga         : 15981 : 35184372371984 : INFO     : radical.saga         version: 1.6.6
1627232067.816 : radical.saga         : 15981 : 35184372371984 : DEBUG    : listing  adaptor registry: {'adaptor_registry': ['radical.saga.adaptors.context.myproxy', 'radical.saga.adaptors.context.x509', 'radical.saga.adaptors.context.ssh', 'radical.saga.adaptors.context.userpass', 'radical.saga.adaptors.noop.noop_job', 'radical.saga.adaptors.shell.shell_job', 'radical.saga.adaptors.shell.shell_file', 'radical.saga.adaptors.shell.shell_resource', 'radical.saga.adaptors.sge.sgejob', 'radical.saga.adaptors.lsf.lsfjob', 'radical.saga.adaptors.condor.condorjob', 'radical.saga.adaptors.slurm.slurm_job', 'radical.saga.adaptors.http.http_file', 'radical.saga.adaptors.aws.ec2_resource', 'radical.saga.adaptors.loadl.loadljob', 'radical.saga.adaptors.globus_online.go_file', 'radical.saga.adaptors.torque.torquejob', 'radical.saga.adaptors.pbspro.pbsprojob', 'radical.saga.adaptors.srm.srmfile', 'radical.saga.adaptors.cobalt.cobaltjob']}
1627232067.816 : radical.saga         : 15981 : 35184372371984 : INFO     : loading  adaptor radical.saga.adaptors.context.myproxy
1627232067.820 : radical.saga         : 15981 : 35184372371984 : INFO     : Register adaptor radical.saga.adaptors.context.myproxy for radical.saga.Context API: ['myproxy://']
1627232067.820 : radical.saga         : 15981 : 35184372371984 : INFO     : loading  adaptor radical.saga.adaptors.context.x509
1627232067.821 : radical.saga         : 15981 : 35184372371984 : INFO     : Register adaptor radical.saga.adaptors.context.x509 for radical.saga.Context API: ['x509://']
1627232067.821 : radical.saga         : 15981 : 35184372371984 : INFO     : loading  adaptor radical.saga.adaptors.context.ssh
1627232067.822 : radical.saga         : 15981 : 35184372371984 : INFO     : Register adaptor radical.saga.adaptors.context.ssh for radical.saga.Context API: ['ssh://']
1627232067.822 : radical.saga         : 15981 : 35184372371984 : INFO     : loading  adaptor radical.saga.adaptors.context.userpass
1627232067.823 : radical.saga         : 15981 : 35184372371984 : INFO     : Register adaptor radical.saga.adaptors.context.userpass for radical.saga.Context API: ['userpass://']
1627232067.823 : radical.saga         : 15981 : 35184372371984 : INFO     : loading  adaptor radical.saga.adaptors.noop.noop_job
1627232067.827 : radical.saga         : 15981 : 35184372371984 : INFO     : Register adaptor radical.saga.adaptors.noop.noop_job for radical.saga.job.Service API: ['noop://']
1627232067.827 : radical.saga         : 15981 : 35184372371984 : INFO     : Register adaptor radical.saga.adaptors.noop.noop_job for radical.saga.job.Job API: ['noop://']
1627232067.828 : radical.saga         : 15981 : 35184372371984 : INFO     : loading  adaptor radical.saga.adaptors.shell.shell_job
1627232067.832 : radical.saga         : 15981 : 35184372371984 : INFO     : Register adaptor radical.saga.adaptors.shell.shell_job for radical.saga.job.Service API: ['fork://', 'local://', 'ssh://', 'gsissh://']
1627232067.832 : radical.saga         : 15981 : 35184372371984 : INFO     : Register adaptor radical.saga.adaptors.shell.shell_job for radical.saga.job.Job API: ['fork://', 'local://', 'ssh://', 'gsissh://']
1627232067.832 : radical.saga         : 15981 : 35184372371984 : INFO     : loading  adaptor radical.saga.adaptors.shell.shell_file
1627232067.837 : radical.saga         : 15981 : 35184372371984 : INFO     : Register adaptor radical.saga.adaptors.shell.shell_file for radical.saga.namespace.Directory API: ['file://', 'local://', 'sftp://', 'gsisftp://', 'ssh://', 'gsissh://']
1627232067.838 : radical.saga         : 15981 : 35184372371984 : INFO     : Register adaptor radical.saga.adaptors.shell.shell_file for radical.saga.namespace.Entry API: ['file://', 'local://', 'sftp://', 'gsisftp://', 'ssh://', 'gsissh://']
1627232067.838 : radical.saga         : 15981 : 35184372371984 : INFO     : Register adaptor radical.saga.adaptors.shell.shell_file for radical.saga.filesystem.Directory API: ['file://', 'local://', 'sftp://', 'gsisftp://', 'ssh://', 'gsissh://']
1627232067.838 : radical.saga         : 15981 : 35184372371984 : INFO     : Register adaptor radical.saga.adaptors.shell.shell_file for radical.saga.filesystem.File API: ['file://', 'local://', 'sftp://', 'gsisftp://', 'ssh://', 'gsissh://']
1627232067.838 : radical.saga         : 15981 : 35184372371984 : INFO     : loading  adaptor radical.saga.adaptors.shell.shell_resource
1627232067.840 : radical.saga         : 15981 : 35184372371984 : WARNING  : skip beta adaptor radical.saga.adaptors.shell.shell_resource (version v0.1.beta)
1627232067.840 : radical.saga         : 15981 : 35184372371984 : INFO     : loading  adaptor radical.saga.adaptors.sge.sgejob
1627232067.844 : radical.saga         : 15981 : 35184372371984 : INFO     : Register adaptor radical.saga.adaptors.sge.sgejob for radical.saga.job.Service API: ['sge://', 'sge+ssh://', 'sge+gsissh://']
1627232067.844 : radical.saga         : 15981 : 35184372371984 : INFO     : Register adaptor radical.saga.adaptors.sge.sgejob for radical.saga.job.Job API: ['sge://', 'sge+ssh://', 'sge+gsissh://']
1627232067.844 : radical.saga         : 15981 : 35184372371984 : INFO     : loading  adaptor radical.saga.adaptors.lsf.lsfjob
1627232067.846 : radical.saga         : 15981 : 35184372371984 : INFO     : Register adaptor radical.saga.adaptors.lsf.lsfjob for radical.saga.job.Service API: ['lsf://', 'lsf+ssh://', 'lsf+gsissh://']
1627232067.846 : radical.saga         : 15981 : 35184372371984 : INFO     : Register adaptor radical.saga.adaptors.lsf.lsfjob for radical.saga.job.Job API: ['lsf://', 'lsf+ssh://', 'lsf+gsissh://']
1627232067.846 : radical.saga         : 15981 : 35184372371984 : INFO     : loading  adaptor radical.saga.adaptors.condor.condorjob
1627232067.848 : radical.saga         : 15981 : 35184372371984 : INFO     : Register adaptor radical.saga.adaptors.condor.condorjob for radical.saga.job.Service API: ['condor://', 'condor+ssh://', 'condor+gsissh://']
1627232067.848 : radical.saga         : 15981 : 35184372371984 : INFO     : Register adaptor radical.saga.adaptors.condor.condorjob for radical.saga.job.Job API: ['condor://', 'condor+ssh://', 'condor+gsissh://']
1627232067.848 : radical.saga         : 15981 : 35184372371984 : INFO     : loading  adaptor radical.saga.adaptors.slurm.slurm_job
1627232067.850 : radical.saga         : 15981 : 35184372371984 : INFO     : Register adaptor radical.saga.adaptors.slurm.slurm_job for radical.saga.job.Service API: ['slurm://', 'slurm+ssh://', 'slurm+gsissh://']
1627232067.850 : radical.saga         : 15981 : 35184372371984 : INFO     : Register adaptor radical.saga.adaptors.slurm.slurm_job for radical.saga.job.Job API: ['slurm://', 'slurm+ssh://', 'slurm+gsissh://']
1627232067.850 : radical.saga         : 15981 : 35184372371984 : INFO     : loading  adaptor radical.saga.adaptors.http.http_file
1627232067.872 : radical.saga         : 15981 : 35184372371984 : INFO     : Register adaptor radical.saga.adaptors.http.http_file for radical.saga.namespace.Entry API: ['http://', 'https://']
1627232067.872 : radical.saga         : 15981 : 35184372371984 : INFO     : Register adaptor radical.saga.adaptors.http.http_file for radical.saga.filesystem.File API: ['http://', 'https://']
1627232067.872 : radical.saga         : 15981 : 35184372371984 : INFO     : loading  adaptor radical.saga.adaptors.aws.ec2_resource
1627232067.975 : radical.saga         : 15981 : 35184372371984 : INFO     : Register adaptor radical.saga.adaptors.aws.ec2_resource for radical.saga.Context API: ['ec2://', 'ec2_keypair://', 'openstack://', 'eucalyptus://', 'euca://', 'aws://', 'amazon://', 'http://', 'https://']
1627232067.975 : radical.saga         : 15981 : 35184372371984 : INFO     : Register adaptor radical.saga.adaptors.aws.ec2_resource for radical.saga.resource.Manager API: ['ec2://', 'ec2_keypair://', 'openstack://', 'eucalyptus://', 'euca://', 'aws://', 'amazon://', 'http://', 'https://']
1627232067.975 : radical.saga         : 15981 : 35184372371984 : INFO     : Register adaptor radical.saga.adaptors.aws.ec2_resource for radical.saga.resource.Compute API: ['ec2://', 'ec2_keypair://', 'openstack://', 'eucalyptus://', 'euca://', 'aws://', 'amazon://', 'http://', 'https://']
1627232067.975 : radical.saga         : 15981 : 35184372371984 : INFO     : loading  adaptor radical.saga.adaptors.loadl.loadljob
1627232067.978 : radical.saga         : 15981 : 35184372371984 : INFO     : Register adaptor radical.saga.adaptors.loadl.loadljob for radical.saga.job.Service API: ['loadl://', 'loadl+ssh://', 'loadl+gsissh://']
1627232067.978 : radical.saga         : 15981 : 35184372371984 : INFO     : Register adaptor radical.saga.adaptors.loadl.loadljob for radical.saga.job.Job API: ['loadl://', 'loadl+ssh://', 'loadl+gsissh://']
1627232067.979 : radical.saga         : 15981 : 35184372371984 : INFO     : loading  adaptor radical.saga.adaptors.globus_online.go_file
1627232067.982 : radical.saga         : 15981 : 35184372371984 : INFO     : Register adaptor radical.saga.adaptors.globus_online.go_file for radical.saga.namespace.Directory API: ['go://']
1627232067.982 : radical.saga         : 15981 : 35184372371984 : INFO     : Register adaptor radical.saga.adaptors.globus_online.go_file for radical.saga.namespace.Entry API: ['go://']
1627232067.983 : radical.saga         : 15981 : 35184372371984 : INFO     : Register adaptor radical.saga.adaptors.globus_online.go_file for radical.saga.filesystem.Directory API: ['go://']
1627232067.983 : radical.saga         : 15981 : 35184372371984 : INFO     : Register adaptor radical.saga.adaptors.globus_online.go_file for radical.saga.filesystem.File API: ['go://']
1627232067.983 : radical.saga         : 15981 : 35184372371984 : INFO     : loading  adaptor radical.saga.adaptors.torque.torquejob
1627232067.985 : radical.saga         : 15981 : 35184372371984 : INFO     : Register adaptor radical.saga.adaptors.torque.torquejob for radical.saga.job.Service API: ['torque://', 'torque+ssh://', 'torque+gsissh://']
1627232067.985 : radical.saga         : 15981 : 35184372371984 : INFO     : Register adaptor radical.saga.adaptors.torque.torquejob for radical.saga.job.Job API: ['torque://', 'torque+ssh://', 'torque+gsissh://']
1627232067.985 : radical.saga         : 15981 : 35184372371984 : INFO     : loading  adaptor radical.saga.adaptors.pbspro.pbsprojob
1627232067.988 : radical.saga         : 15981 : 35184372371984 : INFO     : Register adaptor radical.saga.adaptors.pbspro.pbsprojob for radical.saga.job.Service API: ['pbspro://', 'pbspro+ssh://', 'pbspro+gsissh://']
1627232067.988 : radical.saga         : 15981 : 35184372371984 : INFO     : Register adaptor radical.saga.adaptors.pbspro.pbsprojob for radical.saga.job.Job API: ['pbspro://', 'pbspro+ssh://', 'pbspro+gsissh://']
1627232067.988 : radical.saga         : 15981 : 35184372371984 : INFO     : loading  adaptor radical.saga.adaptors.srm.srmfile
1627232067.990 : radical.saga         : 15981 : 35184372371984 : INFO     : Register adaptor radical.saga.adaptors.srm.srmfile for radical.saga.namespace.Directory API: ['srm://']
1627232067.990 : radical.saga         : 15981 : 35184372371984 : INFO     : Register adaptor radical.saga.adaptors.srm.srmfile for radical.saga.namespace.Entry API: ['srm://']
1627232067.990 : radical.saga         : 15981 : 35184372371984 : INFO     : Register adaptor radical.saga.adaptors.srm.srmfile for radical.saga.filesystem.Directory API: ['srm://']
1627232067.990 : radical.saga         : 15981 : 35184372371984 : INFO     : Register adaptor radical.saga.adaptors.srm.srmfile for radical.saga.filesystem.File API: ['srm://']
1627232067.991 : radical.saga         : 15981 : 35184372371984 : INFO     : loading  adaptor radical.saga.adaptors.cobalt.cobaltjob
1627232067.994 : radical.saga         : 15981 : 35184372371984 : INFO     : Register adaptor radical.saga.adaptors.cobalt.cobaltjob for radical.saga.job.Service API: ['cobalt://', 'cobalt+ssh://', 'cobalt+gsissh://']
1627232067.994 : radical.saga         : 15981 : 35184372371984 : INFO     : Register adaptor radical.saga.adaptors.cobalt.cobaltjob for radical.saga.job.Job API: ['cobalt://', 'cobalt+ssh://', 'cobalt+gsissh://']
1627232068.024 : radical.saga         : 15981 : 35184372371984 : DEBUG    : default context [radical.saga.adaptors.ssh] : {'LifeTime' : '-1', 'Type' : 'ssh', 'UserCert' : '/ccs/home/litan/.ssh/id_ed25519.pub', 'UserKey' : '/ccs/home/litan/.ssh/id_ed25519'}
1627232068.027 : radical.saga         : 15981 : 35184372371984 : WARNING  : cannot initialize context - no session: {'LifeTime' : '-1', 'Type' : 'ssh', 'UserCert' : '/ccs/home/litan/.ssh/id_ed25519.pub', 'UserKey' : '/ccs/home/litan/.ssh/id_ed25519'}
1627232068.228 : radical.saga         : 16109 : 35184372371984 : INFO     : radical.saga         version: 1.6.6
1627232068.228 : radical.saga         : 16109 : 35184372371984 : DEBUG    : listing  adaptor registry: {'adaptor_registry': ['radical.saga.adaptors.context.myproxy', 'radical.saga.adaptors.context.x509', 'radical.saga.adaptors.context.ssh', 'radical.saga.adaptors.context.userpass', 'radical.saga.adaptors.noop.noop_job', 'radical.saga.adaptors.shell.shell_job', 'radical.saga.adaptors.shell.shell_file', 'radical.saga.adaptors.shell.shell_resource', 'radical.saga.adaptors.sge.sgejob', 'radical.saga.adaptors.lsf.lsfjob', 'radical.saga.adaptors.condor.condorjob', 'radical.saga.adaptors.slurm.slurm_job', 'radical.saga.adaptors.http.http_file', 'radical.saga.adaptors.aws.ec2_resource', 'radical.saga.adaptors.loadl.loadljob', 'radical.saga.adaptors.globus_online.go_file', 'radical.saga.adaptors.torque.torquejob', 'radical.saga.adaptors.pbspro.pbsprojob', 'radical.saga.adaptors.srm.srmfile', 'radical.saga.adaptors.cobalt.cobaltjob']}
1627232068.228 : radical.saga         : 16109 : 35184372371984 : INFO     : loading  adaptor radical.saga.adaptors.context.myproxy
1627232068.232 : radical.saga         : 16109 : 35184372371984 : INFO     : Register adaptor radical.saga.adaptors.context.myproxy for radical.saga.Context API: ['myproxy://']
1627232068.232 : radical.saga         : 16109 : 35184372371984 : INFO     : loading  adaptor radical.saga.adaptors.context.x509
1627232068.233 : radical.saga         : 16109 : 35184372371984 : INFO     : Register adaptor radical.saga.adaptors.context.x509 for radical.saga.Context API: ['x509://']
1627232068.233 : radical.saga         : 16109 : 35184372371984 : INFO     : loading  adaptor radical.saga.adaptors.context.ssh
1627232068.234 : radical.saga         : 16109 : 35184372371984 : INFO     : Register adaptor radical.saga.adaptors.context.ssh for radical.saga.Context API: ['ssh://']
1627232068.234 : radical.saga         : 16109 : 35184372371984 : INFO     : loading  adaptor radical.saga.adaptors.context.userpass
1627232068.235 : radical.saga         : 16109 : 35184372371984 : INFO     : Register adaptor radical.saga.adaptors.context.userpass for radical.saga.Context API: ['userpass://']
1627232068.235 : radical.saga         : 16109 : 35184372371984 : INFO     : loading  adaptor radical.saga.adaptors.noop.noop_job
1627232068.238 : radical.saga         : 16109 : 35184372371984 : INFO     : Register adaptor radical.saga.adaptors.noop.noop_job for radical.saga.job.Service API: ['noop://']
1627232068.238 : radical.saga         : 16109 : 35184372371984 : INFO     : Register adaptor radical.saga.adaptors.noop.noop_job for radical.saga.job.Job API: ['noop://']
1627232068.238 : radical.saga         : 16109 : 35184372371984 : INFO     : loading  adaptor radical.saga.adaptors.shell.shell_job
1627232068.243 : radical.saga         : 16109 : 35184372371984 : INFO     : Register adaptor radical.saga.adaptors.shell.shell_job for radical.saga.job.Service API: ['fork://', 'local://', 'ssh://', 'gsissh://']
1627232068.243 : radical.saga         : 16109 : 35184372371984 : INFO     : Register adaptor radical.saga.adaptors.shell.shell_job for radical.saga.job.Job API: ['fork://', 'local://', 'ssh://', 'gsissh://']
1627232068.243 : radical.saga         : 16109 : 35184372371984 : INFO     : loading  adaptor radical.saga.adaptors.shell.shell_file
1627232068.247 : radical.saga         : 16109 : 35184372371984 : INFO     : Register adaptor radical.saga.adaptors.shell.shell_file for radical.saga.namespace.Directory API: ['file://', 'local://', 'sftp://', 'gsisftp://', 'ssh://', 'gsissh://']
1627232068.247 : radical.saga         : 16109 : 35184372371984 : INFO     : Register adaptor radical.saga.adaptors.shell.shell_file for radical.saga.namespace.Entry API: ['file://', 'local://', 'sftp://', 'gsisftp://', 'ssh://', 'gsissh://']
1627232068.247 : radical.saga         : 16109 : 35184372371984 : INFO     : Register adaptor radical.saga.adaptors.shell.shell_file for radical.saga.filesystem.Directory API: ['file://', 'local://', 'sftp://', 'gsisftp://', 'ssh://', 'gsissh://']
1627232068.247 : radical.saga         : 16109 : 35184372371984 : INFO     : Register adaptor radical.saga.adaptors.shell.shell_file for radical.saga.filesystem.File API: ['file://', 'local://', 'sftp://', 'gsisftp://', 'ssh://', 'gsissh://']
1627232068.247 : radical.saga         : 16109 : 35184372371984 : INFO     : loading  adaptor radical.saga.adaptors.shell.shell_resource
1627232068.250 : radical.saga         : 16109 : 35184372371984 : WARNING  : skip beta adaptor radical.saga.adaptors.shell.shell_resource (version v0.1.beta)
1627232068.250 : radical.saga         : 16109 : 35184372371984 : INFO     : loading  adaptor radical.saga.adaptors.sge.sgejob
1627232068.253 : radical.saga         : 16109 : 35184372371984 : INFO     : Register adaptor radical.saga.adaptors.sge.sgejob for radical.saga.job.Service API: ['sge://', 'sge+ssh://', 'sge+gsissh://']
1627232068.253 : radical.saga         : 16109 : 35184372371984 : INFO     : Register adaptor radical.saga.adaptors.sge.sgejob for radical.saga.job.Job API: ['sge://', 'sge+ssh://', 'sge+gsissh://']
1627232068.253 : radical.saga         : 16109 : 35184372371984 : INFO     : loading  adaptor radical.saga.adaptors.lsf.lsfjob
1627232068.255 : radical.saga         : 16109 : 35184372371984 : INFO     : Register adaptor radical.saga.adaptors.lsf.lsfjob for radical.saga.job.Service API: ['lsf://', 'lsf+ssh://', 'lsf+gsissh://']
1627232068.255 : radical.saga         : 16109 : 35184372371984 : INFO     : Register adaptor radical.saga.adaptors.lsf.lsfjob for radical.saga.job.Job API: ['lsf://', 'lsf+ssh://', 'lsf+gsissh://']
1627232068.255 : radical.saga         : 16109 : 35184372371984 : INFO     : loading  adaptor radical.saga.adaptors.condor.condorjob
1627232068.257 : radical.saga         : 16109 : 35184372371984 : INFO     : Register adaptor radical.saga.adaptors.condor.condorjob for radical.saga.job.Service API: ['condor://', 'condor+ssh://', 'condor+gsissh://']
1627232068.258 : radical.saga         : 16109 : 35184372371984 : INFO     : Register adaptor radical.saga.adaptors.condor.condorjob for radical.saga.job.Job API: ['condor://', 'condor+ssh://', 'condor+gsissh://']
1627232068.258 : radical.saga         : 16109 : 35184372371984 : INFO     : loading  adaptor radical.saga.adaptors.slurm.slurm_job
1627232068.259 : radical.saga         : 16109 : 35184372371984 : INFO     : Register adaptor radical.saga.adaptors.slurm.slurm_job for radical.saga.job.Service API: ['slurm://', 'slurm+ssh://', 'slurm+gsissh://']
1627232068.259 : radical.saga         : 16109 : 35184372371984 : INFO     : Register adaptor radical.saga.adaptors.slurm.slurm_job for radical.saga.job.Job API: ['slurm://', 'slurm+ssh://', 'slurm+gsissh://']
1627232068.259 : radical.saga         : 16109 : 35184372371984 : INFO     : loading  adaptor radical.saga.adaptors.http.http_file
1627232068.279 : radical.saga         : 16109 : 35184372371984 : INFO     : Register adaptor radical.saga.adaptors.http.http_file for radical.saga.namespace.Entry API: ['http://', 'https://']
1627232068.279 : radical.saga         : 16109 : 35184372371984 : INFO     : Register adaptor radical.saga.adaptors.http.http_file for radical.saga.filesystem.File API: ['http://', 'https://']
1627232068.279 : radical.saga         : 16109 : 35184372371984 : INFO     : loading  adaptor radical.saga.adaptors.aws.ec2_resource
1627232068.394 : radical.saga         : 16109 : 35184372371984 : INFO     : Register adaptor radical.saga.adaptors.aws.ec2_resource for radical.saga.Context API: ['ec2://', 'ec2_keypair://', 'openstack://', 'eucalyptus://', 'euca://', 'aws://', 'amazon://', 'http://', 'https://']
1627232068.395 : radical.saga         : 16109 : 35184372371984 : INFO     : Register adaptor radical.saga.adaptors.aws.ec2_resource for radical.saga.resource.Manager API: ['ec2://', 'ec2_keypair://', 'openstack://', 'eucalyptus://', 'euca://', 'aws://', 'amazon://', 'http://', 'https://']
1627232068.395 : radical.saga         : 16109 : 35184372371984 : INFO     : Register adaptor radical.saga.adaptors.aws.ec2_resource for radical.saga.resource.Compute API: ['ec2://', 'ec2_keypair://', 'openstack://', 'eucalyptus://', 'euca://', 'aws://', 'amazon://', 'http://', 'https://']
1627232068.395 : radical.saga         : 16109 : 35184372371984 : INFO     : loading  adaptor radical.saga.adaptors.loadl.loadljob
1627232068.397 : radical.saga         : 16109 : 35184372371984 : INFO     : Register adaptor radical.saga.adaptors.loadl.loadljob for radical.saga.job.Service API: ['loadl://', 'loadl+ssh://', 'loadl+gsissh://']
1627232068.397 : radical.saga         : 16109 : 35184372371984 : INFO     : Register adaptor radical.saga.adaptors.loadl.loadljob for radical.saga.job.Job API: ['loadl://', 'loadl+ssh://', 'loadl+gsissh://']
1627232068.397 : radical.saga         : 16109 : 35184372371984 : INFO     : loading  adaptor radical.saga.adaptors.globus_online.go_file
1627232068.400 : radical.saga         : 16109 : 35184372371984 : INFO     : Register adaptor radical.saga.adaptors.globus_online.go_file for radical.saga.namespace.Directory API: ['go://']
1627232068.400 : radical.saga         : 16109 : 35184372371984 : INFO     : Register adaptor radical.saga.adaptors.globus_online.go_file for radical.saga.namespace.Entry API: ['go://']
1627232068.400 : radical.saga         : 16109 : 35184372371984 : INFO     : Register adaptor radical.saga.adaptors.globus_online.go_file for radical.saga.filesystem.Directory API: ['go://']
1627232068.400 : radical.saga         : 16109 : 35184372371984 : INFO     : Register adaptor radical.saga.adaptors.globus_online.go_file for radical.saga.filesystem.File API: ['go://']
1627232068.400 : radical.saga         : 16109 : 35184372371984 : INFO     : loading  adaptor radical.saga.adaptors.torque.torquejob
1627232068.402 : radical.saga         : 16109 : 35184372371984 : INFO     : Register adaptor radical.saga.adaptors.torque.torquejob for radical.saga.job.Service API: ['torque://', 'torque+ssh://', 'torque+gsissh://']
1627232068.402 : radical.saga         : 16109 : 35184372371984 : INFO     : Register adaptor radical.saga.adaptors.torque.torquejob for radical.saga.job.Job API: ['torque://', 'torque+ssh://', 'torque+gsissh://']
1627232068.402 : radical.saga         : 16109 : 35184372371984 : INFO     : loading  adaptor radical.saga.adaptors.pbspro.pbsprojob
1627232068.404 : radical.saga         : 16109 : 35184372371984 : INFO     : Register adaptor radical.saga.adaptors.pbspro.pbsprojob for radical.saga.job.Service API: ['pbspro://', 'pbspro+ssh://', 'pbspro+gsissh://']
1627232068.404 : radical.saga         : 16109 : 35184372371984 : INFO     : Register adaptor radical.saga.adaptors.pbspro.pbsprojob for radical.saga.job.Job API: ['pbspro://', 'pbspro+ssh://', 'pbspro+gsissh://']
1627232068.404 : radical.saga         : 16109 : 35184372371984 : INFO     : loading  adaptor radical.saga.adaptors.srm.srmfile
1627232068.406 : radical.saga         : 16109 : 35184372371984 : INFO     : Register adaptor radical.saga.adaptors.srm.srmfile for radical.saga.namespace.Directory API: ['srm://']
1627232068.406 : radical.saga         : 16109 : 35184372371984 : INFO     : Register adaptor radical.saga.adaptors.srm.srmfile for radical.saga.namespace.Entry API: ['srm://']
1627232068.406 : radical.saga         : 16109 : 35184372371984 : INFO     : Register adaptor radical.saga.adaptors.srm.srmfile for radical.saga.filesystem.Directory API: ['srm://']
1627232068.406 : radical.saga         : 16109 : 35184372371984 : INFO     : Register adaptor radical.saga.adaptors.srm.srmfile for radical.saga.filesystem.File API: ['srm://']
1627232068.406 : radical.saga         : 16109 : 35184372371984 : INFO     : loading  adaptor radical.saga.adaptors.cobalt.cobaltjob
1627232068.408 : radical.saga         : 16109 : 35184372371984 : INFO     : Register adaptor radical.saga.adaptors.cobalt.cobaltjob for radical.saga.job.Service API: ['cobalt://', 'cobalt+ssh://', 'cobalt+gsissh://']
1627232068.408 : radical.saga         : 16109 : 35184372371984 : INFO     : Register adaptor radical.saga.adaptors.cobalt.cobaltjob for radical.saga.job.Job API: ['cobalt://', 'cobalt+ssh://', 'cobalt+gsissh://']
1627232068.432 : radical.saga         : 16109 : 35184372371984 : DEBUG    : default context [radical.saga.adaptors.ssh] : {'LifeTime' : '-1', 'Type' : 'ssh', 'UserCert' : '/ccs/home/litan/.ssh/id_ed25519.pub', 'UserKey' : '/ccs/home/litan/.ssh/id_ed25519'}
1627232068.434 : radical.saga         : 16109 : 35184372371984 : WARNING  : cannot initialize context - no session: {'LifeTime' : '-1', 'Type' : 'ssh', 'UserCert' : '/ccs/home/litan/.ssh/id_ed25519.pub', 'UserKey' : '/ccs/home/litan/.ssh/id_ed25519'}
