1600053540.498 : re.session.login2.litan.018519.0005 : 92275 : 140735915118960 : INFO     : radical.pilot version: 1.5.2
1600053540.498 : re.session.login2.litan.018519.0005 : 92275 : 140735915118960 : INFO     : radical.saga  version: 1.5.2
1600053540.498 : re.session.login2.litan.018519.0005 : 92275 : 140735915118960 : INFO     : radical.utils version: 1.5.2
1600053540.683 : re.session.login2.litan.018519.0005 : 92275 : 140735915118960 : INFO     : dburl mongodb://litan:****@129.114.17.185:27017/rct-test
1600053544.773 : re.session.login2.litan.018519.0005 : 93211 : 140735892377968 : INFO     : radical.pilot version: 1.5.2
1600053544.773 : re.session.login2.litan.018519.0005 : 93211 : 140735892377968 : INFO     : radical.saga  version: 1.5.2
1600053544.773 : re.session.login2.litan.018519.0005 : 93211 : 140735892377968 : INFO     : radical.utils version: 1.5.2
1600053549.338 : re.session.login2.litan.018519.0005 : 93332 : 140735866229104 : INFO     : radical.pilot version: 1.5.2
1600053549.338 : re.session.login2.litan.018519.0005 : 93332 : 140735866229104 : INFO     : radical.saga  version: 1.5.2
1600053549.338 : re.session.login2.litan.018519.0005 : 93332 : 140735866229104 : INFO     : radical.utils version: 1.5.2
1600053551.102 : re.session.login2.litan.018519.0005 : 92275 : 140735915118960 : DEBUG    : rsup.PTYShell('fork://localhost/')
1600053552.136 : re.session.login2.litan.018519.0005 : 92275 : 140735915118960 : DEBUG    : sandbox base /gpfs/alpine/scratch/litan/med110
1600053552.174 : re.session.login2.litan.018519.0005 : 92275 : 140735915118960 : DEBUG    : bulk pilot insert result: {'writeErrors': [], 'writeConcernErrors': [], 'nInserted': 1, 'nUpserted': 0, 'nMatched': 0, 'nModified': 0, 'nRemoved': 0, 'upserted': []}
1600053552.193 : re.session.login2.litan.018519.0005 : 93332 : 140735805649328 : DEBUG    : rsup.PTYShell('fork://localhost/')
1600053553.288 : re.session.login2.litan.018519.0005 : 93332 : 140735805649328 : DEBUG    : sandbox base /gpfs/alpine/scratch/litan/med110
1600054600.777 : re.session.login2.litan.018519.0005 : 111516 : 140735708615024 : INFO     : radical.pilot version: 1.5.2
1600054600.777 : re.session.login2.litan.018519.0005 : 111516 : 140735708615024 : INFO     : radical.saga  version: 1.5.2
1600054600.777 : re.session.login2.litan.018519.0005 : 111516 : 140735708615024 : INFO     : radical.utils version: 1.5.2
1600054601.185 : re.session.login2.litan.018519.0005 : 111815 : 140735829332336 : INFO     : radical.pilot version: 1.5.2
1600054601.185 : re.session.login2.litan.018519.0005 : 111815 : 140735829332336 : INFO     : radical.saga  version: 1.5.2
1600054601.185 : re.session.login2.litan.018519.0005 : 111815 : 140735829332336 : INFO     : radical.utils version: 1.5.2
1600054601.626 : re.session.login2.litan.018519.0005 : 112205 : 140735935172976 : INFO     : radical.pilot version: 1.5.2
1600054601.626 : re.session.login2.litan.018519.0005 : 112205 : 140735935172976 : INFO     : radical.saga  version: 1.5.2
1600054601.626 : re.session.login2.litan.018519.0005 : 112205 : 140735935172976 : INFO     : radical.utils version: 1.5.2
1600055189.065 : re.session.login2.litan.018519.0005 : 108548 : 140734180225456 : DEBUG    : bulk unit insert result: {'writeErrors': [], 'writeConcernErrors': [], 'nInserted': 1024, 'nUpserted': 0, 'nMatched': 0, 'nModified': 0, 'nRemoved': 0, 'upserted': []}
1600055189.130 : re.session.login2.litan.018519.0005 : 108548 : 140734180225456 : DEBUG    : bulk unit insert result: {'writeErrors': [], 'writeConcernErrors': [], 'nInserted': 288, 'nUpserted': 0, 'nMatched': 0, 'nModified': 0, 'nRemoved': 0, 'upserted': []}
1600055189.461 : re.session.login2.litan.018519.0005 : 111815 : 140735768752560 : DEBUG    : rsup.PTYShell('fork://localhost/')
1600055190.580 : re.session.login2.litan.018519.0005 : 111815 : 140735768752560 : DEBUG    : sandbox base /gpfs/alpine/scratch/litan/med110
1600055191.086 : re.session.login2.litan.018519.0005 : 111516 : 140735648035248 : DEBUG    : rsup.PTYShell('fork://localhost/')
1600055192.113 : re.session.login2.litan.018519.0005 : 111516 : 140735648035248 : DEBUG    : sandbox base /gpfs/alpine/scratch/litan/med110
1600057865.663 : re.session.login2.litan.018519.0005 : 108548 : 140734180225456 : DEBUG    : bulk unit insert result: {'writeErrors': [], 'writeConcernErrors': [], 'nInserted': 1, 'nUpserted': 0, 'nMatched': 0, 'nModified': 0, 'nRemoved': 0, 'upserted': []}
1600057911.146 : re.session.login2.litan.018519.0005 : 92275 : 140735915118960 : DEBUG    : session re.session.login2.litan.018519.0005 closing
1600057911.146 : re.session.login2.litan.018519.0005 : 92275 : 140735915118960 : DEBUG    : session re.session.login2.litan.018519.0005 closes pmgr   pmgr.0000
1600057912.242 : re.session.login2.litan.018519.0005 : 92275 : 140735915118960 : DEBUG    : session re.session.login2.litan.018519.0005 closed pmgr   pmgr.0000
1600057912.982 : re.session.login2.litan.018519.0005 : 92275 : 140735915118960 : DEBUG    : session re.session.login2.litan.018519.0005 closes db (False)
1600057913.019 : re.session.login2.litan.018519.0005 : 92275 : 140735915118960 : DEBUG    : session re.session.login2.litan.018519.0005 closed (delete=False)
1600057913.021 : re.session.login2.litan.018519.0005 : 92275 : 140735915118960 : DEBUG    : start download
1600057914.956 : re.session.login2.litan.018519.0005 : 92275 : 140735915118960 : INFO     : session written to /gpfs/alpine/csc299/scratch/litan/MOCU/re.session.login2.litan.018519.0005/re.session.login2.litan.018519.0005.json
1600057915.875 : re.session.login2.litan.018519.0005 : 92275 : 140735915118960 : DEBUG    : Session: re.session.login2.litan.018519.0005
1600057915.875 : re.session.login2.litan.018519.0005 : 92275 : 140735915118960 : DEBUG    : Number of pilots in session: 1
1600057915.875 : re.session.login2.litan.018519.0005 : 92275 : 140735915118960 : DEBUG    : processing pilot 'pilot.0000'
1600057916.851 : re.session.login2.litan.018519.0005 : 92275 : 140735915118960 : WARNING  : profiles tarball doesnt exists!
1600057927.442 : re.session.login2.litan.018519.0005 : 92275 : 140735915118960 : INFO     : Session: re.session.login2.litan.018519.0005
1600057927.443 : re.session.login2.litan.018519.0005 : 92275 : 140735915118960 : INFO     : Number of pilots in session: 1
1600057927.757 : re.session.login2.litan.018519.0005 : 92275 : 140735915118960 : WARNING  : logiles tarball doesnt exists
