1600094121.785 : re.session.login2.litan.018519.0007 : 30725 : 140735377527152 : INFO     : radical.pilot version: 1.5.2
1600094121.785 : re.session.login2.litan.018519.0007 : 30725 : 140735377527152 : INFO     : radical.saga  version: 1.5.2
1600094121.785 : re.session.login2.litan.018519.0007 : 30725 : 140735377527152 : INFO     : radical.utils version: 1.5.2
1600094122.096 : re.session.login2.litan.018519.0007 : 30725 : 140735377527152 : INFO     : dburl mongodb://litan:****@129.114.17.185:27017/rct-test
1600094125.038 : re.session.login2.litan.018519.0007 : 31012 : 140736059953520 : INFO     : radical.pilot version: 1.5.2
1600094125.038 : re.session.login2.litan.018519.0007 : 31012 : 140736059953520 : INFO     : radical.saga  version: 1.5.2
1600094125.038 : re.session.login2.litan.018519.0007 : 31012 : 140736059953520 : INFO     : radical.utils version: 1.5.2
1600094129.445 : re.session.login2.litan.018519.0007 : 31211 : 140736094032240 : INFO     : radical.pilot version: 1.5.2
1600094129.445 : re.session.login2.litan.018519.0007 : 31211 : 140736094032240 : INFO     : radical.saga  version: 1.5.2
1600094129.445 : re.session.login2.litan.018519.0007 : 31211 : 140736094032240 : INFO     : radical.utils version: 1.5.2
1600094131.164 : re.session.login2.litan.018519.0007 : 30725 : 140735377527152 : DEBUG    : rsup.PTYShell('fork://localhost/')
1600094132.298 : re.session.login2.litan.018519.0007 : 30725 : 140735377527152 : DEBUG    : sandbox base /gpfs/alpine/scratch/litan/med110
1600094132.336 : re.session.login2.litan.018519.0007 : 30725 : 140735377527152 : DEBUG    : bulk pilot insert result: {'writeErrors': [], 'writeConcernErrors': [], 'nInserted': 1, 'nUpserted': 0, 'nMatched': 0, 'nModified': 0, 'nRemoved': 0, 'upserted': []}
1600094132.340 : re.session.login2.litan.018519.0007 : 31211 : 140736033452464 : DEBUG    : rsup.PTYShell('fork://localhost/')
1600094133.454 : re.session.login2.litan.018519.0007 : 31211 : 140736033452464 : DEBUG    : sandbox base /gpfs/alpine/scratch/litan/med110
1600094216.123 : re.session.login2.litan.018519.0007 : 33888 : 140735326081392 : INFO     : radical.pilot version: 1.5.2
1600094216.123 : re.session.login2.litan.018519.0007 : 33888 : 140735326081392 : INFO     : radical.saga  version: 1.5.2
1600094216.123 : re.session.login2.litan.018519.0007 : 33888 : 140735326081392 : INFO     : radical.utils version: 1.5.2
1600094216.553 : re.session.login2.litan.018519.0007 : 33935 : 140735365206384 : INFO     : radical.pilot version: 1.5.2
1600094216.553 : re.session.login2.litan.018519.0007 : 33935 : 140735365206384 : INFO     : radical.saga  version: 1.5.2
1600094216.553 : re.session.login2.litan.018519.0007 : 33935 : 140735365206384 : INFO     : radical.utils version: 1.5.2
1600094216.990 : re.session.login2.litan.018519.0007 : 34004 : 140736196202864 : INFO     : radical.pilot version: 1.5.2
1600094216.990 : re.session.login2.litan.018519.0007 : 34004 : 140736196202864 : INFO     : radical.saga  version: 1.5.2
1600094216.990 : re.session.login2.litan.018519.0007 : 34004 : 140736196202864 : INFO     : radical.utils version: 1.5.2
1600094810.521 : re.session.login2.litan.018519.0007 : 33459 : 140733642633648 : DEBUG    : bulk unit insert result: {'writeErrors': [], 'writeConcernErrors': [], 'nInserted': 1024, 'nUpserted': 0, 'nMatched': 0, 'nModified': 0, 'nRemoved': 0, 'upserted': []}
1600094810.643 : re.session.login2.litan.018519.0007 : 33459 : 140733642633648 : DEBUG    : bulk unit insert result: {'writeErrors': [], 'writeConcernErrors': [], 'nInserted': 288, 'nUpserted': 0, 'nMatched': 0, 'nModified': 0, 'nRemoved': 0, 'upserted': []}
1600094811.024 : re.session.login2.litan.018519.0007 : 33935 : 140735304626608 : DEBUG    : rsup.PTYShell('fork://localhost/')
1600094812.201 : re.session.login2.litan.018519.0007 : 33935 : 140735304626608 : DEBUG    : sandbox base /gpfs/alpine/scratch/litan/med110
1600094812.687 : re.session.login2.litan.018519.0007 : 33888 : 140735265501616 : DEBUG    : rsup.PTYShell('fork://localhost/')
1600094815.738 : re.session.login2.litan.018519.0007 : 33888 : 140735265501616 : DEBUG    : sandbox base /gpfs/alpine/scratch/litan/med110
1600100202.828 : re.session.login2.litan.018519.0007 : 33459 : 140733642633648 : DEBUG    : bulk unit insert result: {'writeErrors': [], 'writeConcernErrors': [], 'nInserted': 1, 'nUpserted': 0, 'nMatched': 0, 'nModified': 0, 'nRemoved': 0, 'upserted': []}
1600100238.555 : re.session.login2.litan.018519.0007 : 30725 : 140735377527152 : DEBUG    : session re.session.login2.litan.018519.0007 closing
1600100238.555 : re.session.login2.litan.018519.0007 : 30725 : 140735377527152 : DEBUG    : session re.session.login2.litan.018519.0007 closes pmgr   pmgr.0000
1600100238.951 : re.session.login2.litan.018519.0007 : 30725 : 140735377527152 : DEBUG    : session re.session.login2.litan.018519.0007 closed pmgr   pmgr.0000
1600100239.095 : re.session.login2.litan.018519.0007 : 30725 : 140735377527152 : DEBUG    : session re.session.login2.litan.018519.0007 closes db (False)
1600100239.132 : re.session.login2.litan.018519.0007 : 30725 : 140735377527152 : DEBUG    : session re.session.login2.litan.018519.0007 closed (delete=False)
1600100239.134 : re.session.login2.litan.018519.0007 : 30725 : 140735377527152 : DEBUG    : start download
1600100241.038 : re.session.login2.litan.018519.0007 : 30725 : 140735377527152 : INFO     : session written to /gpfs/alpine/csc299/scratch/litan/MOCU/re.session.login2.litan.018519.0007/re.session.login2.litan.018519.0007.json
1600100242.053 : re.session.login2.litan.018519.0007 : 30725 : 140735377527152 : DEBUG    : Session: re.session.login2.litan.018519.0007
1600100242.053 : re.session.login2.litan.018519.0007 : 30725 : 140735377527152 : DEBUG    : Number of pilots in session: 1
1600100242.053 : re.session.login2.litan.018519.0007 : 30725 : 140735377527152 : DEBUG    : processing pilot 'pilot.0000'
1600100243.596 : re.session.login2.litan.018519.0007 : 30725 : 140735377527152 : WARNING  : profiles tarball doesnt exists!
1600100254.287 : re.session.login2.litan.018519.0007 : 30725 : 140735377527152 : INFO     : Session: re.session.login2.litan.018519.0007
1600100254.287 : re.session.login2.litan.018519.0007 : 30725 : 140735377527152 : INFO     : Number of pilots in session: 1
1600100254.600 : re.session.login2.litan.018519.0007 : 30725 : 140735377527152 : WARNING  : logiles tarball doesnt exists
