1600110236.183 : re.session.login2.litan.018519.0009 : 36488 : 140735442080112 : INFO     : radical.pilot version: 1.5.2
1600110236.184 : re.session.login2.litan.018519.0009 : 36488 : 140735442080112 : INFO     : radical.saga  version: 1.5.2
1600110236.184 : re.session.login2.litan.018519.0009 : 36488 : 140735442080112 : INFO     : radical.utils version: 1.5.2
1600110236.505 : re.session.login2.litan.018519.0009 : 36488 : 140735442080112 : INFO     : dburl mongodb://litan:****@129.114.17.185:27017/rct-test
1600110240.425 : re.session.login2.litan.018519.0009 : 38211 : 140736041079152 : INFO     : radical.pilot version: 1.5.2
1600110240.425 : re.session.login2.litan.018519.0009 : 38211 : 140736041079152 : INFO     : radical.saga  version: 1.5.2
1600110240.425 : re.session.login2.litan.018519.0009 : 38211 : 140736041079152 : INFO     : radical.utils version: 1.5.2
1600110244.934 : re.session.login2.litan.018519.0009 : 38693 : 140735599759728 : INFO     : radical.pilot version: 1.5.2
1600110244.935 : re.session.login2.litan.018519.0009 : 38693 : 140735599759728 : INFO     : radical.saga  version: 1.5.2
1600110244.935 : re.session.login2.litan.018519.0009 : 38693 : 140735599759728 : INFO     : radical.utils version: 1.5.2
1600110245.657 : re.session.login2.litan.018519.0009 : 36488 : 140735442080112 : DEBUG    : rsup.PTYShell('fork://localhost/')
1600110246.837 : re.session.login2.litan.018519.0009 : 36488 : 140735442080112 : DEBUG    : sandbox base /gpfs/alpine/scratch/litan/med110
1600110246.877 : re.session.login2.litan.018519.0009 : 36488 : 140735442080112 : DEBUG    : bulk pilot insert result: {'writeErrors': [], 'writeConcernErrors': [], 'nInserted': 1, 'nUpserted': 0, 'nMatched': 0, 'nModified': 0, 'nRemoved': 0, 'upserted': []}
1600110246.882 : re.session.login2.litan.018519.0009 : 38693 : 140735539179952 : DEBUG    : rsup.PTYShell('fork://localhost/')
1600110247.993 : re.session.login2.litan.018519.0009 : 38693 : 140735539179952 : DEBUG    : sandbox base /gpfs/alpine/scratch/litan/med110
1600110329.827 : re.session.login2.litan.018519.0009 : 58726 : 140735874879856 : INFO     : radical.pilot version: 1.5.2
1600110329.828 : re.session.login2.litan.018519.0009 : 58726 : 140735874879856 : INFO     : radical.saga  version: 1.5.2
1600110329.828 : re.session.login2.litan.018519.0009 : 58726 : 140735874879856 : INFO     : radical.utils version: 1.5.2
1600110330.370 : re.session.login2.litan.018519.0009 : 58834 : 140735650156912 : INFO     : radical.pilot version: 1.5.2
1600110330.370 : re.session.login2.litan.018519.0009 : 58834 : 140735650156912 : INFO     : radical.saga  version: 1.5.2
1600110330.370 : re.session.login2.litan.018519.0009 : 58834 : 140735650156912 : INFO     : radical.utils version: 1.5.2
1600110330.858 : re.session.login2.litan.018519.0009 : 58925 : 140735565812080 : INFO     : radical.pilot version: 1.5.2
1600110330.858 : re.session.login2.litan.018519.0009 : 58925 : 140735565812080 : INFO     : radical.saga  version: 1.5.2
1600110330.858 : re.session.login2.litan.018519.0009 : 58925 : 140735565812080 : INFO     : radical.utils version: 1.5.2
1600111522.957 : re.session.login2.litan.018519.0009 : 57914 : 140733707186608 : DEBUG    : bulk unit insert result: {'writeErrors': [], 'writeConcernErrors': [], 'nInserted': 1024, 'nUpserted': 0, 'nMatched': 0, 'nModified': 0, 'nRemoved': 0, 'upserted': []}
1600111523.166 : re.session.login2.litan.018519.0009 : 57914 : 140733707186608 : DEBUG    : bulk unit insert result: {'writeErrors': [], 'writeConcernErrors': [], 'nInserted': 1024, 'nUpserted': 0, 'nMatched': 0, 'nModified': 0, 'nRemoved': 0, 'upserted': []}
1600111523.261 : re.session.login2.litan.018519.0009 : 57914 : 140733707186608 : DEBUG    : bulk unit insert result: {'writeErrors': [], 'writeConcernErrors': [], 'nInserted': 576, 'nUpserted': 0, 'nMatched': 0, 'nModified': 0, 'nRemoved': 0, 'upserted': []}
1600111523.620 : re.session.login2.litan.018519.0009 : 58834 : 140735589577136 : DEBUG    : rsup.PTYShell('fork://localhost/')
1600111524.737 : re.session.login2.litan.018519.0009 : 58834 : 140735589577136 : DEBUG    : sandbox base /gpfs/alpine/scratch/litan/med110
1600111525.223 : re.session.login2.litan.018519.0009 : 58726 : 140735814300080 : DEBUG    : rsup.PTYShell('fork://localhost/')
1600111526.283 : re.session.login2.litan.018519.0009 : 58726 : 140735814300080 : DEBUG    : sandbox base /gpfs/alpine/scratch/litan/med110
1600117366.811 : re.session.login2.litan.018519.0009 : 57914 : 140733707186608 : DEBUG    : bulk unit insert result: {'writeErrors': [], 'writeConcernErrors': [], 'nInserted': 1, 'nUpserted': 0, 'nMatched': 0, 'nModified': 0, 'nRemoved': 0, 'upserted': []}
1600117410.639 : re.session.login2.litan.018519.0009 : 36488 : 140735442080112 : DEBUG    : session re.session.login2.litan.018519.0009 closing
1600117410.639 : re.session.login2.litan.018519.0009 : 36488 : 140735442080112 : DEBUG    : session re.session.login2.litan.018519.0009 closes pmgr   pmgr.0000
1600117410.950 : re.session.login2.litan.018519.0009 : 36488 : 140735442080112 : DEBUG    : session re.session.login2.litan.018519.0009 closed pmgr   pmgr.0000
1600117411.407 : re.session.login2.litan.018519.0009 : 36488 : 140735442080112 : DEBUG    : session re.session.login2.litan.018519.0009 closes db (False)
1600117411.449 : re.session.login2.litan.018519.0009 : 36488 : 140735442080112 : DEBUG    : session re.session.login2.litan.018519.0009 closed (delete=False)
1600117411.453 : re.session.login2.litan.018519.0009 : 36488 : 140735442080112 : DEBUG    : start download
1600117414.505 : re.session.login2.litan.018519.0009 : 36488 : 140735442080112 : INFO     : session written to /gpfs/alpine/csc299/scratch/litan/MOCU/re.session.login2.litan.018519.0009/re.session.login2.litan.018519.0009.json
1600117416.132 : re.session.login2.litan.018519.0009 : 36488 : 140735442080112 : DEBUG    : Session: re.session.login2.litan.018519.0009
1600117416.133 : re.session.login2.litan.018519.0009 : 36488 : 140735442080112 : DEBUG    : Number of pilots in session: 1
1600117416.133 : re.session.login2.litan.018519.0009 : 36488 : 140735442080112 : DEBUG    : processing pilot 'pilot.0000'
1600117417.679 : re.session.login2.litan.018519.0009 : 36488 : 140735442080112 : WARNING  : profiles tarball doesnt exists!
1600117428.882 : re.session.login2.litan.018519.0009 : 36488 : 140735442080112 : INFO     : Session: re.session.login2.litan.018519.0009
1600117428.882 : re.session.login2.litan.018519.0009 : 36488 : 140735442080112 : INFO     : Number of pilots in session: 1
1600117429.196 : re.session.login2.litan.018519.0009 : 36488 : 140735442080112 : WARNING  : logiles tarball doesnt exists
